2016-12-28 10:12:55,923 P2616 [INFO] ************************************************************
2016-12-28 10:12:55,923 P2616 [INFO] ConfigSet _OnInstanceBoot
2016-12-28 10:12:55,927 P2616 [INFO] ++++++++++++++++++++++++++++++++++++++++++++++++++++++++++++
2016-12-28 10:12:55,928 P2616 [INFO] Config AWSEBBaseConfig
2016-12-28 10:12:55,930 P2616 [INFO] ============================================================
2016-12-28 10:12:55,930 P2616 [INFO] Command clearbackupfiles
2016-12-28 10:12:55,933 P2616 [INFO] Completed successfully.
2016-12-28 10:12:55,939 P2616 [INFO] ++++++++++++++++++++++++++++++++++++++++++++++++++++++++++++
2016-12-28 10:12:55,939 P2616 [INFO] Config AWSEBMessageOfTheDay
2016-12-28 10:12:55,939 P2616 [INFO] ============================================================
2016-12-28 10:12:55,940 P2616 [INFO] Command 01clearoriginal
2016-12-28 10:12:55,942 P2616 [INFO] Completed successfully.
2016-12-28 10:12:55,943 P2616 [INFO] ============================================================
2016-12-28 10:12:55,943 P2616 [INFO] Command 02createbanner
2016-12-28 10:12:55,946 P2616 [INFO] Completed successfully.
2016-12-28 10:12:55,947 P2616 [INFO] ============================================================
2016-12-28 10:12:55,947 P2616 [INFO] Command 03updatebanner
2016-12-28 10:12:55,956 P2616 [INFO] Completed successfully.
2016-12-28 10:12:55,964 P2616 [INFO] ++++++++++++++++++++++++++++++++++++++++++++++++++++++++++++
2016-12-28 10:12:55,964 P2616 [INFO] Config AWSEBULimitConfig
2016-12-28 10:12:55,965 P2616 [INFO] ============================================================
2016-12-28 10:12:55,965 P2616 [INFO] Command 00removebackup
2016-12-28 10:12:55,967 P2616 [INFO] Completed successfully.
2016-12-28 10:12:55,973 P2616 [INFO] ++++++++++++++++++++++++++++++++++++++++++++++++++++++++++++
2016-12-28 10:12:55,973 P2616 [INFO] Config Infra-InstallContainerHooksPkg
2016-12-28 10:12:55,973 P2616 [INFO] ============================================================
2016-12-28 10:12:55,973 P2616 [INFO] Command 00mkdir
2016-12-28 10:12:55,976 P2616 [INFO] Completed successfully.
2016-12-28 10:12:55,976 P2616 [INFO] ============================================================
2016-12-28 10:12:55,976 P2616 [INFO] Command 01download_container_hooks
2016-12-28 10:12:56,188 P2616 [INFO] Completed successfully.
2016-12-28 10:12:56,189 P2616 [INFO] ============================================================
2016-12-28 10:12:56,189 P2616 [INFO] Command 02install_container_hooks
2016-12-28 10:12:56,221 P2616 [INFO] Completed successfully.
2016-12-28 10:12:56,222 P2616 [INFO] ============================================================
2016-12-28 10:12:56,222 P2616 [INFO] Command 03cleanup
2016-12-28 10:12:56,225 P2616 [INFO] Completed successfully.
2016-12-28 10:12:56,232 P2616 [INFO] ++++++++++++++++++++++++++++++++++++++++++++++++++++++++++++
2016-12-28 10:12:56,232 P2616 [INFO] Config Infra-WriteLeaderTestScript
2016-12-28 10:12:56,237 P2616 [INFO] ++++++++++++++++++++++++++++++++++++++++++++++++++++++++++++
2016-12-28 10:12:56,237 P2616 [INFO] Config Infra-WriteTailLogsConf
2016-12-28 10:12:56,243 P2616 [INFO] ++++++++++++++++++++++++++++++++++++++++++++++++++++++++++++
2016-12-28 10:12:56,243 P2616 [INFO] Config Infra-WriteSystemTailLogsConf
2016-12-28 10:12:56,249 P2616 [INFO] ++++++++++++++++++++++++++++++++++++++++++++++++++++++++++++
2016-12-28 10:12:56,249 P2616 [INFO] Config Infra-WriteBundleLogsConf
2016-12-28 10:12:56,253 P2616 [INFO] ++++++++++++++++++++++++++++++++++++++++++++++++++++++++++++
2016-12-28 10:12:56,253 P2616 [INFO] Config Infra-WritePublishLogsConf
2016-12-28 10:12:56,256 P2616 [INFO] ++++++++++++++++++++++++++++++++++++++++++++++++++++++++++++
2016-12-28 10:12:56,256 P2616 [INFO] Config Infra-WritePublishLogsCron
2016-12-28 10:13:37,043 P2977 [INFO] ************************************************************
2016-12-28 10:13:37,043 P2977 [INFO] ConfigSet Infra-EmbeddedPreBuild
2016-12-28 10:13:47,137 P3106 [INFO] ************************************************************
2016-12-28 10:13:47,137 P3106 [INFO] ConfigSet Infra-EmbeddedPostBuild
2016-12-28 10:18:49,894 P3419 [INFO] ************************************************************
2016-12-28 10:18:49,894 P3419 [INFO] ConfigSet Infra-EmbeddedPreBuild
2016-12-28 10:18:52,501 P3505 [INFO] ************************************************************
2016-12-28 10:18:52,501 P3505 [INFO] ConfigSet Infra-EmbeddedPostBuild
2016-12-28 10:24:41,358 P3890 [INFO] ************************************************************
2016-12-28 10:24:41,358 P3890 [INFO] ConfigSet Infra-EmbeddedPreBuild
2016-12-28 10:24:43,983 P3976 [INFO] ************************************************************
2016-12-28 10:24:43,983 P3976 [INFO] ConfigSet Infra-EmbeddedPostBuild
2016-12-28 10:27:28,132 P4234 [INFO] ************************************************************
2016-12-28 10:27:28,132 P4234 [INFO] ConfigSet Infra-EmbeddedPreBuild
2016-12-28 10:27:30,732 P4320 [INFO] ************************************************************
2016-12-28 10:27:30,732 P4320 [INFO] ConfigSet Infra-EmbeddedPostBuild
2016-12-28 10:30:19,671 P4581 [INFO] ************************************************************
2016-12-28 10:30:19,671 P4581 [INFO] ConfigSet Infra-EmbeddedPreBuild
2016-12-28 10:30:22,406 P4667 [INFO] ************************************************************
2016-12-28 10:30:22,406 P4667 [INFO] ConfigSet Infra-EmbeddedPostBuild
2016-12-28 10:37:15,821 P5067 [INFO] ************************************************************
2016-12-28 10:37:15,821 P5067 [INFO] ConfigSet Infra-EmbeddedPreBuild
2016-12-28 10:37:18,531 P5154 [INFO] ************************************************************
2016-12-28 10:37:18,531 P5154 [INFO] ConfigSet Infra-EmbeddedPostBuild
2016-12-30 11:47:51,906 P23348 [INFO] ************************************************************
2016-12-30 11:47:51,906 P23348 [INFO] ConfigSet Infra-EmbeddedPreBuild
2016-12-30 11:47:54,503 P23434 [INFO] ************************************************************
2016-12-30 11:47:54,503 P23434 [INFO] ConfigSet Infra-EmbeddedPostBuild
2016-12-30 12:52:34,638 P25651 [INFO] ************************************************************
2016-12-30 12:52:34,638 P25651 [INFO] ConfigSet Infra-EmbeddedPreBuild
2016-12-30 12:52:37,377 P25738 [INFO] ************************************************************
2016-12-30 12:52:37,377 P25738 [INFO] ConfigSet Infra-EmbeddedPostBuild
2016-12-30 13:03:08,749 P26284 [INFO] ************************************************************
2016-12-30 13:03:08,749 P26284 [INFO] ConfigSet Infra-EmbeddedPreBuild
2016-12-30 13:03:11,418 P26370 [INFO] ************************************************************
2016-12-30 13:03:11,418 P26370 [INFO] ConfigSet Infra-EmbeddedPostBuild
2016-12-30 13:17:55,975 P27012 [INFO] ************************************************************
2016-12-30 13:17:55,975 P27012 [INFO] ConfigSet Infra-EmbeddedPreBuild
2016-12-30 13:17:58,710 P27099 [INFO] ************************************************************
2016-12-30 13:17:58,710 P27099 [INFO] ConfigSet Infra-EmbeddedPostBuild
2016-12-30 13:19:21,159 P27285 [INFO] ************************************************************
2016-12-30 13:19:21,159 P27285 [INFO] ConfigSet Infra-EmbeddedPreBuild
2016-12-30 13:19:23,882 P27371 [INFO] ************************************************************
2016-12-30 13:19:23,882 P27371 [INFO] ConfigSet Infra-EmbeddedPostBuild
