[2016-12-28T10:12:57.169Z] DEBUG [2690]  : Reading config file: /etc/elasticbeanstalk/.aws-eb-stack.properties
[2016-12-28T10:12:57.169Z] DEBUG [2690]  : Checking if the command processor should execute...
[2016-12-28T10:12:57.171Z] DEBUG [2690]  : Checking whether the command is applicable to instance (i-0132531ca8714bc80)..
[2016-12-28T10:12:57.171Z] INFO  [2690]  : Command is applicable to this instance (i-0132531ca8714bc80)..
[2016-12-28T10:12:57.171Z] DEBUG [2690]  : Checking if the received command stage is valid..
[2016-12-28T10:12:57.171Z] INFO  [2690]  : No stage_num in command. Valid stage..
[2016-12-28T10:12:57.171Z] INFO  [2690]  : Received command CMD-PreInit: 
{
  "api_version" : "1.0",
  "request_id": "0",
  "command_name": "CMD-PreInit"
}

[2016-12-28T10:12:57.171Z] INFO  [2690]  : Command processor should execute command.
[2016-12-28T10:12:57.171Z] DEBUG [2690]  : Storing current stage..
[2016-12-28T10:12:57.171Z] DEBUG [2690]  : Stage_num does not exist. Not saving null stage. Returning..
[2016-12-28T10:12:57.171Z] DEBUG [2690]  : Reading config file: /etc/elasticbeanstalk/.aws-eb-stack.properties
[2016-12-28T10:12:57.171Z] DEBUG [2690]  : Retrieving metadata for key: AWS::ElasticBeanstalk::Ext||_ContainerConfigFileContent||commands..
[2016-12-28T10:12:57.172Z] DEBUG [2690]  : Retrieving metadata for key: AWS::ElasticBeanstalk::Ext||_API||_Commands..
[2016-12-28T10:12:57.172Z] INFO  [2690]  : Found enabled addons: ["logpublish", "logstreaming"].
[2016-12-28T10:12:57.176Z] INFO  [2690]  : Updating Command definition of addon logpublish.
[2016-12-28T10:12:57.176Z] INFO  [2690]  : Updating Command definition of addon logstreaming.
[2016-12-28T10:12:57.176Z] DEBUG [2690]  : Refreshing metadata...
[2016-12-28T10:12:57.176Z] DEBUG [2690]  : Using cached environment metadata.
[2016-12-28T10:12:57.176Z] DEBUG [2690]  : Retrieving metadata for key: AWS::ElasticBeanstalk::Ext||_ContainerConfigFileContent||commands..
[2016-12-28T10:12:57.177Z] DEBUG [2690]  : Retrieving metadata for key: AWS::ElasticBeanstalk::Ext||_API||_Commands..
[2016-12-28T10:12:57.177Z] INFO  [2690]  : Found enabled addons: ["logpublish", "logstreaming"].
[2016-12-28T10:12:57.178Z] INFO  [2690]  : Updating Command definition of addon logpublish.
[2016-12-28T10:12:57.178Z] INFO  [2690]  : Updating Command definition of addon logstreaming.
[2016-12-28T10:12:57.178Z] DEBUG [2690]  : Retrieving metadata for key: AWS::CloudFormation::Init||Infra-WriteApplication2||files..
[2016-12-28T10:12:57.179Z] DEBUG [2690]  : Retrieving metadata for key: AWS::ElasticBeanstalk::Ext||ManifestFileS3Key..
[2016-12-28T10:12:57.318Z] INFO  [2690]  : Finding latest manifest from bucket 'elasticbeanstalk-us-west-2-341826891138' with prefix 'resources/environments/e-rzpyvmyjqg/_runtime/versions/manifest_'.
[2016-12-28T10:12:57.521Z] INFO  [2690]  : Found manifest with key 'resources/environments/e-rzpyvmyjqg/_runtime/versions/manifest_1482919871374'.
[2016-12-28T10:12:57.530Z] INFO  [2690]  : Updated manifest cache: deployment ID 1 and serial 1.
[2016-12-28T10:12:57.530Z] DEBUG [2690]  : Loaded definition of Command CMD-PreInit.
[2016-12-28T10:12:57.530Z] INFO  [2690]  : Executing Initialization
[2016-12-28T10:12:57.531Z] INFO  [2690]  : Executing command: CMD-PreInit...
[2016-12-28T10:12:57.531Z] INFO  [2690]  : Executing command CMD-PreInit activities...
[2016-12-28T10:12:57.531Z] DEBUG [2690]  : Setting environment variables..
[2016-12-28T10:12:57.531Z] INFO  [2690]  : Running AddonsBefore for command CMD-PreInit...
[2016-12-28T10:12:57.531Z] DEBUG [2690]  : Running stages of Command CMD-PreInit from stage 0 to stage 0...
[2016-12-28T10:12:57.531Z] INFO  [2690]  : Running stage 0 of command CMD-PreInit...
[2016-12-28T10:12:57.531Z] DEBUG [2690]  : Loaded 3 actions for stage 0.
[2016-12-28T10:12:57.531Z] INFO  [2690]  : Running 1 of 3 actions: InfraWriteConfig...
[2016-12-28T10:12:57.533Z] INFO  [2690]  : Running 2 of 3 actions: DownloadSourceBundle...
[2016-12-28T10:12:57.851Z] INFO  [2690]  : Running 3 of 3 actions: PreInitHook...
[2016-12-28T10:13:05.658Z] INFO  [2690]  : Running AddonsAfter for command CMD-PreInit...
[2016-12-28T10:13:09.467Z] INFO  [2690]  : Command CMD-PreInit succeeded!
[2016-12-28T10:13:09.467Z] INFO  [2690]  : Command processor returning results: 
{"status":"SUCCESS","api_version":"1.0","results":[{"status":"SUCCESS","msg":"","returncode":0,"events":[]}]}
[2016-12-28T10:13:36.209Z] DEBUG [2958]  : Reading config file: /etc/elasticbeanstalk/.aws-eb-stack.properties
[2016-12-28T10:13:36.209Z] DEBUG [2958]  : Checking if the command processor should execute...
[2016-12-28T10:13:36.213Z] DEBUG [2958]  : Checking whether the command is applicable to instance (i-0132531ca8714bc80)..
[2016-12-28T10:13:36.213Z] INFO  [2958]  : Command is applicable to this instance (i-0132531ca8714bc80)..
[2016-12-28T10:13:36.213Z] DEBUG [2958]  : Checking if the received command stage is valid..
[2016-12-28T10:13:36.213Z] INFO  [2958]  : No stage_num in command. Valid stage..
[2016-12-28T10:13:36.213Z] INFO  [2958]  : Received command CMD-Startup: {"execution_data":"{\"leader_election\":\"true\"}","instance_ids":["i-0132531ca8714bc80"],"command_name":"CMD-Startup","api_version":"1.0","resource_name":"AWSEBAutoScalingGroup","request_id":"f131d229-cce5-11e6-abf9-afc1a894005e","command_timeout":"600"}
[2016-12-28T10:13:36.213Z] INFO  [2958]  : Command processor should execute command.
[2016-12-28T10:13:36.213Z] DEBUG [2958]  : Storing current stage..
[2016-12-28T10:13:36.213Z] DEBUG [2958]  : Stage_num does not exist. Not saving null stage. Returning..
[2016-12-28T10:13:36.213Z] DEBUG [2958]  : Reading config file: /etc/elasticbeanstalk/.aws-eb-stack.properties
[2016-12-28T10:13:36.213Z] DEBUG [2958]  : Retrieving metadata for key: AWS::ElasticBeanstalk::Ext||_ContainerConfigFileContent||commands..
[2016-12-28T10:13:36.213Z] DEBUG [2958]  : Retrieving metadata for key: AWS::ElasticBeanstalk::Ext||_API||_Commands..
[2016-12-28T10:13:36.214Z] INFO  [2958]  : Found enabled addons: ["logpublish", "logstreaming"].
[2016-12-28T10:13:36.215Z] INFO  [2958]  : Updating Command definition of addon logpublish.
[2016-12-28T10:13:36.215Z] INFO  [2958]  : Updating Command definition of addon logstreaming.
[2016-12-28T10:13:36.215Z] DEBUG [2958]  : Refreshing metadata...
[2016-12-28T10:13:36.469Z] DEBUG [2958]  : Refreshed environment metadata.
[2016-12-28T10:13:36.469Z] DEBUG [2958]  : Retrieving metadata for key: AWS::ElasticBeanstalk::Ext||_ContainerConfigFileContent||commands..
[2016-12-28T10:13:36.470Z] DEBUG [2958]  : Retrieving metadata for key: AWS::ElasticBeanstalk::Ext||_API||_Commands..
[2016-12-28T10:13:36.470Z] INFO  [2958]  : Found enabled addons: ["logpublish", "logstreaming"].
[2016-12-28T10:13:36.471Z] INFO  [2958]  : Updating Command definition of addon logpublish.
[2016-12-28T10:13:36.471Z] INFO  [2958]  : Updating Command definition of addon logstreaming.
[2016-12-28T10:13:36.471Z] DEBUG [2958]  : Loaded definition of Command CMD-Startup.
[2016-12-28T10:13:36.472Z] INFO  [2958]  : Executing Application deployment
[2016-12-28T10:13:36.472Z] INFO  [2958]  : Executing command: CMD-Startup...
[2016-12-28T10:13:36.472Z] INFO  [2958]  : Executing command CMD-Startup activities...
[2016-12-28T10:13:36.472Z] DEBUG [2958]  : Setting environment variables..
[2016-12-28T10:13:36.472Z] INFO  [2958]  : Running AddonsBefore for command CMD-Startup...
[2016-12-28T10:13:36.472Z] DEBUG [2958]  : Running stages of Command CMD-Startup from stage 0 to stage 1...
[2016-12-28T10:13:36.472Z] INFO  [2958]  : Running stage 0 of command CMD-Startup...
[2016-12-28T10:13:36.472Z] INFO  [2958]  : Running leader election...
[2016-12-28T10:13:36.723Z] INFO  [2958]  : Instance is Leader.
[2016-12-28T10:13:36.723Z] DEBUG [2958]  : Loaded 7 actions for stage 0.
[2016-12-28T10:13:36.723Z] INFO  [2958]  : Running 1 of 7 actions: HealthdLogRotation...
[2016-12-28T10:13:36.728Z] INFO  [2958]  : Running 2 of 7 actions: HealthdHTTPDLogging...
[2016-12-28T10:13:36.728Z] INFO  [2958]  : Running 3 of 7 actions: HealthdNginxLogging...
[2016-12-28T10:13:36.728Z] INFO  [2958]  : Running 4 of 7 actions: EbExtensionPreBuild...
[2016-12-28T10:13:37.058Z] INFO  [2958]  : Running 5 of 7 actions: AppDeployPreHook...
[2016-12-28T10:13:46.869Z] INFO  [2958]  : Running 6 of 7 actions: EbExtensionPostBuild...
[2016-12-28T10:13:47.152Z] INFO  [2958]  : Running 7 of 7 actions: InfraCleanEbExtension...
[2016-12-28T10:13:47.154Z] INFO  [2958]  : Running stage 1 of command CMD-Startup...
[2016-12-28T10:13:47.154Z] DEBUG [2958]  : Loaded 3 actions for stage 1.
[2016-12-28T10:13:47.154Z] INFO  [2958]  : Running 1 of 3 actions: AppDeployEnactHook...
[2016-12-28T10:13:55.597Z] INFO  [2958]  : Running 2 of 3 actions: AppDeployPostHook...
[2016-12-28T10:13:55.597Z] INFO  [2958]  : Running 3 of 3 actions: PostInitHook...
[2016-12-28T10:13:55.602Z] INFO  [2958]  : Running AddonsAfter for command CMD-Startup...
[2016-12-28T10:13:55.789Z] INFO  [2958]  : Command CMD-Startup succeeded!
[2016-12-28T10:13:55.790Z] INFO  [2958]  : Command processor returning results: 
{"status":"SUCCESS","api_version":"1.0","results":[{"status":"SUCCESS","msg":"","returncode":0,"events":[]}]}
[2016-12-28T10:16:09.963Z] DEBUG [3299]  : Reading config file: /etc/elasticbeanstalk/.aws-eb-stack.properties
[2016-12-28T10:16:09.963Z] DEBUG [3299]  : Checking if the command processor should execute...
[2016-12-28T10:16:09.966Z] DEBUG [3299]  : Checking whether the command is applicable to instance (i-0132531ca8714bc80)..
[2016-12-28T10:16:09.966Z] INFO  [3299]  : Command is applicable to this instance (i-0132531ca8714bc80)..
[2016-12-28T10:16:09.966Z] DEBUG [3299]  : Checking if the received command stage is valid..
[2016-12-28T10:16:09.966Z] INFO  [3299]  : No stage_num in command. Valid stage..
[2016-12-28T10:16:09.966Z] INFO  [3299]  : Received command CMD-TailLogs: {"execution_data":"{\"aws_access_key_id\":\"ASIAJBUUTFTTWI3ULLPQ\",\"signature\":\"EWxHJCfFOtXbWHvK0Rj7uKaI0uM=\",\"security_token\":\"FQoDYXdzECsaDByQLiGJxTzX9XisKCKVA08LJqnVmKxf+Iv0Ng8+AQ09VwFvVNyuxsOnNtlrfh7lWzJ7CFznzjhmnnAAOuRea\\\/yb1LkSEzqmxjHQ2ob5uNpbjHNzEy805J7zfBMpiCAK4UwkEX\\\/efvoPKIx7f8dObKnK4pYdcsVggYAe5q63hiYAqoeW8j+iKIGm1P1g7vEU5PokwQ89KIywlnl74YNxfJ985E4ZsgVwBfT7jw7Hr9sSqjqO333+nTeFsvIJWuvCSS74MKJoZuPnGEwIRUUZZnK6\\\/GnGvzhgm\\\/aDFLZvUvmzL36LiLTRDhLr8qa46UxRpWFOjkZAyljFDw3OoKfUnF7JOErUAyYSRIvKGpRyGcwenOFn7Nvnve6K+WJPoIMaLq68FvQeIVpKUy\\\/Ua0BGYz\\\/Wk5Ak5GTRH\\\/Q6zM4zGPI\\\/gXXsWf3oxMVgV+3xKz624RxU5ej2+UaOV8L3xuA5cwKAnO52HWQI4f0VirMvUvaRhOtmjswkW9wf3\\\/9BM6wIFUglpVnYVohBSqXUd6rcxrBBiPjoRaBHLFQJF8zhv7mRgfORvyjooY7DBQ==\",\"policy\":\"eyJleHBpcmF0aW9uIjoiMjAxNi0xMi0yOFQxMDo0NjowOC4xNzRaIiwiY29uZGl0aW9ucyI6W1sic3RhcnRzLXdpdGgiLCIkeC1hbXotbWV0YS10aW1lX3N0YW1wIiwiIl0sWyJzdGFydHMtd2l0aCIsIiR4LWFtei1tZXRhLXB1Ymxpc2hfbWVjaGFuaXNtIiwiIl0sWyJzdGFydHMtd2l0aCIsIiRrZXkiLCJyZXNvdXJjZXNcL2Vudmlyb25tZW50c1wvbG9nc1wvIl0sWyJzdGFydHMtd2l0aCIsIiR4LWFtei1tZXRhLWJhdGNoX2lkIiwiIl0sWyJzdGFydHMtd2l0aCIsIiR4LWFtei1tZXRhLWZpbGVfbmFtZSIsIiJdLFsic3RhcnRzLXdpdGgiLCIkeC1hbXotc2VjdXJpdHktdG9rZW4iLCIiXSxbInN0YXJ0cy13aXRoIiwiJENvbnRlbnQtVHlwZSIsIiJdLFsiZXEiLCIkYnVja2V0IiwiZWxhc3RpY2JlYW5zdGFsay11cy13ZXN0LTItMzQxODI2ODkxMTM4Il0sWyJlcSIsIiRhY2wiLCJwcml2YXRlIl1dfQ==\"}","instance_ids":["i-0132531ca8714bc80"],"data":"a5f9ba97-cce6-11e6-b223-71a410dc87ee","command_name":"CMD-TailLogs","api_version":"1.0","resource_name":"AWSEBAutoScalingGroup","request_id":"a5f9ba97-cce6-11e6-b223-71a410dc87ee","command_timeout":"600"}
[2016-12-28T10:16:09.966Z] INFO  [3299]  : Command processor should execute command.
[2016-12-28T10:16:09.966Z] DEBUG [3299]  : Storing current stage..
[2016-12-28T10:16:09.966Z] DEBUG [3299]  : Stage_num does not exist. Not saving null stage. Returning..
[2016-12-28T10:16:09.966Z] DEBUG [3299]  : Reading config file: /etc/elasticbeanstalk/.aws-eb-stack.properties
[2016-12-28T10:16:09.966Z] DEBUG [3299]  : Retrieving metadata for key: AWS::ElasticBeanstalk::Ext||_ContainerConfigFileContent||commands..
[2016-12-28T10:16:09.967Z] DEBUG [3299]  : Retrieving metadata for key: AWS::ElasticBeanstalk::Ext||_API||_Commands..
[2016-12-28T10:16:09.967Z] INFO  [3299]  : Found enabled addons: ["logpublish", "logstreaming"].
[2016-12-28T10:16:09.969Z] INFO  [3299]  : Updating Command definition of addon logpublish.
[2016-12-28T10:16:09.969Z] INFO  [3299]  : Updating Command definition of addon logstreaming.
[2016-12-28T10:16:09.969Z] DEBUG [3299]  : Loaded definition of Command CMD-TailLogs.
[2016-12-28T10:16:09.969Z] INFO  [3299]  : Executing CMD-TailLogs
[2016-12-28T10:16:09.969Z] INFO  [3299]  : Executing command: CMD-TailLogs...
[2016-12-28T10:16:09.969Z] INFO  [3299]  : Executing command CMD-TailLogs activities...
[2016-12-28T10:16:09.969Z] DEBUG [3299]  : Setting environment variables..
[2016-12-28T10:16:09.969Z] INFO  [3299]  : Running AddonsBefore for command CMD-TailLogs...
[2016-12-28T10:16:09.969Z] DEBUG [3299]  : Running stages of Command CMD-TailLogs from stage 0 to stage 0...
[2016-12-28T10:16:09.969Z] INFO  [3299]  : Running stage 0 of command CMD-TailLogs...
[2016-12-28T10:16:09.969Z] DEBUG [3299]  : Loaded 1 actions for stage 0.
[2016-12-28T10:16:09.969Z] INFO  [3299]  : Running 1 of 1 actions: TailLogs...
[2016-12-28T10:16:10.168Z] INFO  [3299]  : Running AddonsAfter for command CMD-TailLogs...
[2016-12-28T10:16:10.168Z] INFO  [3299]  : Command CMD-TailLogs succeeded!
[2016-12-28T10:16:10.169Z] INFO  [3299]  : Command processor returning results: 
{"status":"SUCCESS","api_version":"1.0","results":[{"status":"SUCCESS","msg":"","returncode":0,"events":[{"msg":"[Instance: i-0132531ca8714bc80] Successfully finished tailing 5 log(s)","severity":"INFO","timestamp":1482920170169}]}]}
[2016-12-28T10:18:48.647Z] DEBUG [3390]  : Reading config file: /etc/elasticbeanstalk/.aws-eb-stack.properties
[2016-12-28T10:18:48.648Z] DEBUG [3390]  : Checking if the command processor should execute...
[2016-12-28T10:18:48.650Z] DEBUG [3390]  : Checking whether the command is applicable to instance (i-0132531ca8714bc80)..
[2016-12-28T10:18:48.650Z] INFO  [3390]  : Command is applicable to this instance (i-0132531ca8714bc80)..
[2016-12-28T10:18:48.650Z] DEBUG [3390]  : Checking if the received command stage is valid..
[2016-12-28T10:18:48.651Z] INFO  [3390]  : No stage_num in command. Valid stage..
[2016-12-28T10:18:48.651Z] INFO  [3390]  : Received command CMD-AppDeploy: {"execution_data":"{\"leader_election\":\"true\"}","instance_ids":["i-0132531ca8714bc80"],"data":"manifest_1482920325840","command_name":"CMD-AppDeploy","api_version":"1.0","resource_name":"AWSEBAutoScalingGroup","request_id":"01583b11-cce7-11e6-8a76-6d330041cf66","command_timeout":"600"}
[2016-12-28T10:18:48.651Z] INFO  [3390]  : Command processor should execute command.
[2016-12-28T10:18:48.651Z] DEBUG [3390]  : Storing current stage..
[2016-12-28T10:18:48.651Z] DEBUG [3390]  : Stage_num does not exist. Not saving null stage. Returning..
[2016-12-28T10:18:48.651Z] DEBUG [3390]  : Reading config file: /etc/elasticbeanstalk/.aws-eb-stack.properties
[2016-12-28T10:18:48.651Z] DEBUG [3390]  : Retrieving metadata for key: AWS::ElasticBeanstalk::Ext||_ContainerConfigFileContent||commands..
[2016-12-28T10:18:48.651Z] DEBUG [3390]  : Retrieving metadata for key: AWS::ElasticBeanstalk::Ext||_API||_Commands..
[2016-12-28T10:18:48.652Z] INFO  [3390]  : Found enabled addons: ["logpublish", "logstreaming"].
[2016-12-28T10:18:48.653Z] INFO  [3390]  : Updating Command definition of addon logpublish.
[2016-12-28T10:18:48.653Z] INFO  [3390]  : Updating Command definition of addon logstreaming.
[2016-12-28T10:18:48.653Z] DEBUG [3390]  : Refreshing metadata...
[2016-12-28T10:18:48.903Z] DEBUG [3390]  : Refreshed environment metadata.
[2016-12-28T10:18:48.904Z] DEBUG [3390]  : Retrieving metadata for key: AWS::ElasticBeanstalk::Ext||_ContainerConfigFileContent||commands..
[2016-12-28T10:18:48.904Z] DEBUG [3390]  : Retrieving metadata for key: AWS::ElasticBeanstalk::Ext||_API||_Commands..
[2016-12-28T10:18:48.905Z] INFO  [3390]  : Found enabled addons: ["logpublish", "logstreaming"].
[2016-12-28T10:18:48.906Z] INFO  [3390]  : Updating Command definition of addon logpublish.
[2016-12-28T10:18:48.906Z] INFO  [3390]  : Updating Command definition of addon logstreaming.
[2016-12-28T10:18:48.906Z] DEBUG [3390]  : Retrieving metadata for key: AWS::CloudFormation::Init||Infra-WriteApplication2||files..
[2016-12-28T10:18:48.906Z] DEBUG [3390]  : Retrieving metadata for key: AWS::ElasticBeanstalk::Ext||ManifestFileS3Key..
[2016-12-28T10:18:48.998Z] INFO  [3390]  : Loading manifest from bucket 'elasticbeanstalk-us-west-2-341826891138' using computed S3 key 'resources/environments/e-rzpyvmyjqg/_runtime/versions/manifest_1482920325840'.
[2016-12-28T10:18:49.068Z] INFO  [3390]  : Updated manifest cache: deployment ID 2 and serial 2.
[2016-12-28T10:18:49.068Z] DEBUG [3390]  : Loaded definition of Command CMD-AppDeploy.
[2016-12-28T10:18:49.068Z] INFO  [3390]  : Executing Application update
[2016-12-28T10:18:49.069Z] INFO  [3390]  : Executing command: CMD-AppDeploy...
[2016-12-28T10:18:49.069Z] INFO  [3390]  : Executing command CMD-AppDeploy activities...
[2016-12-28T10:18:49.069Z] DEBUG [3390]  : Setting environment variables..
[2016-12-28T10:18:49.069Z] INFO  [3390]  : Running AddonsBefore for command CMD-AppDeploy...
[2016-12-28T10:18:49.069Z] DEBUG [3390]  : Running stages of Command CMD-AppDeploy from stage 0 to stage 1...
[2016-12-28T10:18:49.069Z] INFO  [3390]  : Running stage 0 of command CMD-AppDeploy...
[2016-12-28T10:18:49.069Z] INFO  [3390]  : Running leader election...
[2016-12-28T10:18:49.319Z] INFO  [3390]  : Instance is Leader.
[2016-12-28T10:18:49.320Z] DEBUG [3390]  : Loaded 6 actions for stage 0.
[2016-12-28T10:18:49.320Z] INFO  [3390]  : Running 1 of 6 actions: InfraWriteConfig...
[2016-12-28T10:18:49.322Z] INFO  [3390]  : Running 2 of 6 actions: DownloadSourceBundle...
[2016-12-28T10:18:49.632Z] INFO  [3390]  : Running 3 of 6 actions: EbExtensionPreBuild...
[2016-12-28T10:18:49.910Z] INFO  [3390]  : Running 4 of 6 actions: AppDeployPreHook...
[2016-12-28T10:18:52.242Z] INFO  [3390]  : Running 5 of 6 actions: EbExtensionPostBuild...
[2016-12-28T10:18:52.516Z] INFO  [3390]  : Running 6 of 6 actions: InfraCleanEbextension...
[2016-12-28T10:18:52.517Z] INFO  [3390]  : Running stage 1 of command CMD-AppDeploy...
[2016-12-28T10:18:52.517Z] DEBUG [3390]  : Loaded 2 actions for stage 1.
[2016-12-28T10:18:52.517Z] INFO  [3390]  : Running 1 of 2 actions: AppDeployEnactHook...
[2016-12-28T10:19:00.873Z] INFO  [3390]  : Running 2 of 2 actions: AppDeployPostHook...
[2016-12-28T10:19:00.873Z] INFO  [3390]  : Running AddonsAfter for command CMD-AppDeploy...
[2016-12-28T10:19:01.060Z] INFO  [3390]  : Command CMD-AppDeploy succeeded!
[2016-12-28T10:19:01.060Z] INFO  [3390]  : Command processor returning results: 
{"status":"SUCCESS","api_version":"1.0","results":[{"status":"SUCCESS","msg":"","returncode":0,"events":[]}]}
[2016-12-28T10:19:48.322Z] DEBUG [3644]  : Reading config file: /etc/elasticbeanstalk/.aws-eb-stack.properties
[2016-12-28T10:19:48.322Z] DEBUG [3644]  : Checking if the command processor should execute...
[2016-12-28T10:19:48.325Z] DEBUG [3644]  : Checking whether the command is applicable to instance (i-0132531ca8714bc80)..
[2016-12-28T10:19:48.325Z] INFO  [3644]  : Command is applicable to this instance (i-0132531ca8714bc80)..
[2016-12-28T10:19:48.325Z] DEBUG [3644]  : Checking if the received command stage is valid..
[2016-12-28T10:19:48.325Z] INFO  [3644]  : No stage_num in command. Valid stage..
[2016-12-28T10:19:48.325Z] INFO  [3644]  : Received command CMD-TailLogs: {"execution_data":"{\"aws_access_key_id\":\"ASIAJPRKIKFFRT3W3XDQ\",\"signature\":\"BpXezLNh08cwdskX\\\/iShxNFJWd0=\",\"security_token\":\"FQoDYXdzECsaDK\\\/FwNqWXwIeQKx2LyKVA0q0tiCSrP250S31UK8Et3nGyMyy5vcATFLfUneTAZ+kLRyB5DnZ0U3f\\\/HC3uXafxZfkn0QxgLTHmPfcde6QaZg12FIk2JPwEQw3SOS1chvMzQAlwdhd5yhkTbdFrhl9mxuNMcGNqxiyQxsXOXFWZz3D1uwDIPyARSLoKM\\\/tOE8oNHcsRA\\\/kLGXMFqArHL9x3+0hcH1DEcUx9Dn52OUoJyaMGaWXQ6AHbGOpqSvpxxaIDfsLpJbBO9jaJD\\\/Wv3nS\\\/SYeOyqig+A3K1FGcba0cBC\\\/\\\/95tpPdRPhSvj9dm8SvjcIbtft31+7coYcZDlkWM21c1iZhVWzHANoW9fx+bOtD\\\/Du24i2keOMQoc5vVyPXYtvOrSAYIiufLEzE1gIJRi8EOgYhb5TCybtPi5Yio1Z9QWd4KOBLdJdpKb4sNKm7Mp6TBoHI6hvW98qMR9G6U9we5xJykrNyyPnyWlXKWbiJIq1kn89ZgHSwk04lu0FSqGrY8QZC6r1VGd+2GQHnRH91O3tw3eLlzPguVDErKcSYnYyxkCSjCo47DBQ==\",\"policy\":\"eyJleHBpcmF0aW9uIjoiMjAxNi0xMi0yOFQxMDo0OTo0Ni41MjZaIiwiY29uZGl0aW9ucyI6W1sic3RhcnRzLXdpdGgiLCIkeC1hbXotbWV0YS10aW1lX3N0YW1wIiwiIl0sWyJzdGFydHMtd2l0aCIsIiR4LWFtei1tZXRhLXB1Ymxpc2hfbWVjaGFuaXNtIiwiIl0sWyJzdGFydHMtd2l0aCIsIiRrZXkiLCJyZXNvdXJjZXNcL2Vudmlyb25tZW50c1wvbG9nc1wvIl0sWyJzdGFydHMtd2l0aCIsIiR4LWFtei1tZXRhLWJhdGNoX2lkIiwiIl0sWyJzdGFydHMtd2l0aCIsIiR4LWFtei1tZXRhLWZpbGVfbmFtZSIsIiJdLFsic3RhcnRzLXdpdGgiLCIkeC1hbXotc2VjdXJpdHktdG9rZW4iLCIiXSxbInN0YXJ0cy13aXRoIiwiJENvbnRlbnQtVHlwZSIsIiJdLFsiZXEiLCIkYnVja2V0IiwiZWxhc3RpY2JlYW5zdGFsay11cy13ZXN0LTItMzQxODI2ODkxMTM4Il0sWyJlcSIsIiRhY2wiLCJwcml2YXRlIl1dfQ==\"}","instance_ids":["i-0132531ca8714bc80"],"data":"281b05e4-cce7-11e6-b23f-0572ebc520a1","command_name":"CMD-TailLogs","api_version":"1.0","resource_name":"AWSEBAutoScalingGroup","request_id":"281b05e4-cce7-11e6-b23f-0572ebc520a1","command_timeout":"600"}
[2016-12-28T10:19:48.325Z] INFO  [3644]  : Command processor should execute command.
[2016-12-28T10:19:48.325Z] DEBUG [3644]  : Storing current stage..
[2016-12-28T10:19:48.325Z] DEBUG [3644]  : Stage_num does not exist. Not saving null stage. Returning..
[2016-12-28T10:19:48.325Z] DEBUG [3644]  : Reading config file: /etc/elasticbeanstalk/.aws-eb-stack.properties
[2016-12-28T10:19:48.325Z] DEBUG [3644]  : Retrieving metadata for key: AWS::ElasticBeanstalk::Ext||_ContainerConfigFileContent||commands..
[2016-12-28T10:19:48.326Z] DEBUG [3644]  : Retrieving metadata for key: AWS::ElasticBeanstalk::Ext||_API||_Commands..
[2016-12-28T10:19:48.326Z] INFO  [3644]  : Found enabled addons: ["logpublish", "logstreaming"].
[2016-12-28T10:19:48.327Z] INFO  [3644]  : Updating Command definition of addon logpublish.
[2016-12-28T10:19:48.327Z] INFO  [3644]  : Updating Command definition of addon logstreaming.
[2016-12-28T10:19:48.327Z] DEBUG [3644]  : Loaded definition of Command CMD-TailLogs.
[2016-12-28T10:19:48.327Z] INFO  [3644]  : Executing CMD-TailLogs
[2016-12-28T10:19:48.328Z] INFO  [3644]  : Executing command: CMD-TailLogs...
[2016-12-28T10:19:48.328Z] INFO  [3644]  : Executing command CMD-TailLogs activities...
[2016-12-28T10:19:48.328Z] DEBUG [3644]  : Setting environment variables..
[2016-12-28T10:19:48.328Z] INFO  [3644]  : Running AddonsBefore for command CMD-TailLogs...
[2016-12-28T10:19:48.328Z] DEBUG [3644]  : Running stages of Command CMD-TailLogs from stage 0 to stage 0...
[2016-12-28T10:19:48.328Z] INFO  [3644]  : Running stage 0 of command CMD-TailLogs...
[2016-12-28T10:19:48.328Z] DEBUG [3644]  : Loaded 1 actions for stage 0.
[2016-12-28T10:19:48.328Z] INFO  [3644]  : Running 1 of 1 actions: TailLogs...
[2016-12-28T10:19:48.492Z] INFO  [3644]  : Running AddonsAfter for command CMD-TailLogs...
[2016-12-28T10:19:48.492Z] INFO  [3644]  : Command CMD-TailLogs succeeded!
[2016-12-28T10:19:48.493Z] INFO  [3644]  : Command processor returning results: 
{"status":"SUCCESS","api_version":"1.0","results":[{"status":"SUCCESS","msg":"","returncode":0,"events":[{"msg":"[Instance: i-0132531ca8714bc80] Successfully finished tailing 5 log(s)","severity":"INFO","timestamp":1482920388492}]}]}
[2016-12-28T10:20:59.709Z] DEBUG [3724]  : Reading config file: /etc/elasticbeanstalk/.aws-eb-stack.properties
[2016-12-28T10:20:59.709Z] DEBUG [3724]  : Checking if the command processor should execute...
[2016-12-28T10:20:59.712Z] DEBUG [3724]  : Checking whether the command is applicable to instance (i-0132531ca8714bc80)..
[2016-12-28T10:20:59.712Z] INFO  [3724]  : Command is applicable to this instance (i-0132531ca8714bc80)..
[2016-12-28T10:20:59.712Z] DEBUG [3724]  : Checking if the received command stage is valid..
[2016-12-28T10:20:59.712Z] INFO  [3724]  : No stage_num in command. Valid stage..
[2016-12-28T10:20:59.712Z] INFO  [3724]  : Received command CMD-TailLogs: {"execution_data":"{\"aws_access_key_id\":\"ASIAIZPAFLG74L7AH4QQ\",\"signature\":\"cDAmEfaUzvoPPP\\\/ui2+E9Rl3RVE=\",\"security_token\":\"FQoDYXdzECsaDGdmqNfvSjZ1MgslsCKVA1V1vwrLEk5F4m\\\/kKox92mEP6MK9B4KtidE0iAmUFvrGf0QO5qiXu+fB1ar1Zy\\\/wu5jsYI2BCOtorhK5n7QBEs1w91SEtUeeCUA1Ja9F9C+fS+duMKlKpjY8HQ+D6SNoZ3zS38\\\/zrKGOYUtqqb4wMUcVtc73WbTsOClYhKkkTlLo6U089zHRccMkiZ3YErkiNETFHqdUmDwlJiWR1E1ZPa2tlaJrlzS1bxiBt4Tuldc5UiuLiPHEIidExFl9klSi+d4Lv9HPqNwSjUMlRTltkujD3tFqC1SkjHrSiUcTc5CZgVFRBnKNN+k0Qslk0L36pcGF6utDgAuaG6vnuzQj4684TuPk6aoRE+OdVq7UDT3CctBtR0St1pe1BgAXvYXjwrpGACH8C4hh17K+cOVqeJmpp0eKRRJEix34ZT2+aC8Uc0AMPJ8VLwdrucpSM1K\\\/QUP8uNs9q0xrpE+OCgrr+eErZP4HhFZTlorsDv7ILkeuQWCwiO37kQ8TUkLL7j75nKstxyglJ7WHbrf5SymFegWD4Mdd3yiJpI7DBQ==\",\"policy\":\"eyJleHBpcmF0aW9uIjoiMjAxNi0xMi0yOFQxMDo1MDo1Ny45NzNaIiwiY29uZGl0aW9ucyI6W1sic3RhcnRzLXdpdGgiLCIkeC1hbXotbWV0YS10aW1lX3N0YW1wIiwiIl0sWyJzdGFydHMtd2l0aCIsIiR4LWFtei1tZXRhLXB1Ymxpc2hfbWVjaGFuaXNtIiwiIl0sWyJzdGFydHMtd2l0aCIsIiRrZXkiLCJyZXNvdXJjZXNcL2Vudmlyb25tZW50c1wvbG9nc1wvIl0sWyJzdGFydHMtd2l0aCIsIiR4LWFtei1tZXRhLWJhdGNoX2lkIiwiIl0sWyJzdGFydHMtd2l0aCIsIiR4LWFtei1tZXRhLWZpbGVfbmFtZSIsIiJdLFsic3RhcnRzLXdpdGgiLCIkeC1hbXotc2VjdXJpdHktdG9rZW4iLCIiXSxbInN0YXJ0cy13aXRoIiwiJENvbnRlbnQtVHlwZSIsIiJdLFsiZXEiLCIkYnVja2V0IiwiZWxhc3RpY2JlYW5zdGFsay11cy13ZXN0LTItMzQxODI2ODkxMTM4Il0sWyJlcSIsIiRhY2wiLCJwcml2YXRlIl1dfQ==\"}","instance_ids":["i-0132531ca8714bc80"],"data":"52b5dad6-cce7-11e6-b29e-ffd339ae48ac","command_name":"CMD-TailLogs","api_version":"1.0","resource_name":"AWSEBAutoScalingGroup","request_id":"52b5dad6-cce7-11e6-b29e-ffd339ae48ac","command_timeout":"600"}
[2016-12-28T10:20:59.712Z] INFO  [3724]  : Command processor should execute command.
[2016-12-28T10:20:59.712Z] DEBUG [3724]  : Storing current stage..
[2016-12-28T10:20:59.712Z] DEBUG [3724]  : Stage_num does not exist. Not saving null stage. Returning..
[2016-12-28T10:20:59.712Z] DEBUG [3724]  : Reading config file: /etc/elasticbeanstalk/.aws-eb-stack.properties
[2016-12-28T10:20:59.712Z] DEBUG [3724]  : Retrieving metadata for key: AWS::ElasticBeanstalk::Ext||_ContainerConfigFileContent||commands..
[2016-12-28T10:20:59.712Z] DEBUG [3724]  : Retrieving metadata for key: AWS::ElasticBeanstalk::Ext||_API||_Commands..
[2016-12-28T10:20:59.713Z] INFO  [3724]  : Found enabled addons: ["logpublish", "logstreaming"].
[2016-12-28T10:20:59.714Z] INFO  [3724]  : Updating Command definition of addon logpublish.
[2016-12-28T10:20:59.714Z] INFO  [3724]  : Updating Command definition of addon logstreaming.
[2016-12-28T10:20:59.714Z] DEBUG [3724]  : Loaded definition of Command CMD-TailLogs.
[2016-12-28T10:20:59.714Z] INFO  [3724]  : Executing CMD-TailLogs
[2016-12-28T10:20:59.715Z] INFO  [3724]  : Executing command: CMD-TailLogs...
[2016-12-28T10:20:59.715Z] INFO  [3724]  : Executing command CMD-TailLogs activities...
[2016-12-28T10:20:59.715Z] DEBUG [3724]  : Setting environment variables..
[2016-12-28T10:20:59.715Z] INFO  [3724]  : Running AddonsBefore for command CMD-TailLogs...
[2016-12-28T10:20:59.715Z] DEBUG [3724]  : Running stages of Command CMD-TailLogs from stage 0 to stage 0...
[2016-12-28T10:20:59.715Z] INFO  [3724]  : Running stage 0 of command CMD-TailLogs...
[2016-12-28T10:20:59.715Z] DEBUG [3724]  : Loaded 1 actions for stage 0.
[2016-12-28T10:20:59.715Z] INFO  [3724]  : Running 1 of 1 actions: TailLogs...
[2016-12-28T10:20:59.893Z] INFO  [3724]  : Running AddonsAfter for command CMD-TailLogs...
[2016-12-28T10:20:59.893Z] INFO  [3724]  : Command CMD-TailLogs succeeded!
[2016-12-28T10:20:59.893Z] INFO  [3724]  : Command processor returning results: 
{"status":"SUCCESS","api_version":"1.0","results":[{"status":"SUCCESS","msg":"","returncode":0,"events":[{"msg":"[Instance: i-0132531ca8714bc80] Successfully finished tailing 5 log(s)","severity":"INFO","timestamp":1482920459893}]}]}
[2016-12-28T10:23:29.630Z] DEBUG [3817]  : Reading config file: /etc/elasticbeanstalk/.aws-eb-stack.properties
[2016-12-28T10:23:29.631Z] DEBUG [3817]  : Checking if the command processor should execute...
[2016-12-28T10:23:29.634Z] DEBUG [3817]  : Checking whether the command is applicable to instance (i-0132531ca8714bc80)..
[2016-12-28T10:23:29.634Z] INFO  [3817]  : Command is applicable to this instance (i-0132531ca8714bc80)..
[2016-12-28T10:23:29.634Z] DEBUG [3817]  : Checking if the received command stage is valid..
[2016-12-28T10:23:29.634Z] INFO  [3817]  : No stage_num in command. Valid stage..
[2016-12-28T10:23:29.634Z] INFO  [3817]  : Received command CMD-TailLogs: {"execution_data":"{\"aws_access_key_id\":\"ASIAIGCWQ5OU4PPND6BA\",\"signature\":\"wYRSgLfFVcmLMegDNj4UETBhTWs=\",\"security_token\":\"FQoDYXdzECwaDGnsKh3VRwaO1J2u1CKVA+CZAwoiprrw95AUN2fxakXnPQ3R5a4S60FmChurnQPGSh7KaX299lk7QBt5PodQU6gQP8IErt16TT0sJ4ZKFNyJOy9udUZBQS8nzMwFgggmxX0\\\/9tTRdqMQT9ginFIyeDJPtaeLcr35rtvDUyo2FoiFDp7M1OmqVnVGeRTAEHsELOhiDo\\\/26mNzEACAV8kZsfhwOHhMeKpXZkDGdcc5HP0LbVdnRm5MeZFhuw5nbSDsdUEMHZd+vWGv5UgWKTJQeRvfrwpadB89A6YGvfMNwGzJqBAu4sXeyg9PjFZUaeSIJijqsRS+dZgVkHBUe+xjU4gb8joGeeksT7hyWbSyHV4bptNbcqhbsdyaNX0+JaR5JqP4S0GJ\\\/Io4zn3y1nJnlB0KuxVZhsG6PfRkkv1yL1RgUdskr7vlPyMIuWxjLVWPGuW9F5SNa2fsZSOD9Tc9XuiWecjKDxvXohR8c3DMpibecdYRggg5rP0Ctmeubmmy5HPDolRQUQd7Mh7bXwsfXC6tb8mxEjT22Z\\\/XZUS480FssY7X\\\/CifpY7DBQ==\",\"policy\":\"eyJleHBpcmF0aW9uIjoiMjAxNi0xMi0yOFQxMDo1MzoyNy42OTNaIiwiY29uZGl0aW9ucyI6W1sic3RhcnRzLXdpdGgiLCIkeC1hbXotbWV0YS10aW1lX3N0YW1wIiwiIl0sWyJzdGFydHMtd2l0aCIsIiR4LWFtei1tZXRhLXB1Ymxpc2hfbWVjaGFuaXNtIiwiIl0sWyJzdGFydHMtd2l0aCIsIiRrZXkiLCJyZXNvdXJjZXNcL2Vudmlyb25tZW50c1wvbG9nc1wvIl0sWyJzdGFydHMtd2l0aCIsIiR4LWFtei1tZXRhLWJhdGNoX2lkIiwiIl0sWyJzdGFydHMtd2l0aCIsIiR4LWFtei1tZXRhLWZpbGVfbmFtZSIsIiJdLFsic3RhcnRzLXdpdGgiLCIkeC1hbXotc2VjdXJpdHktdG9rZW4iLCIiXSxbInN0YXJ0cy13aXRoIiwiJENvbnRlbnQtVHlwZSIsIiJdLFsiZXEiLCIkYnVja2V0IiwiZWxhc3RpY2JlYW5zdGFsay11cy13ZXN0LTItMzQxODI2ODkxMTM4Il0sWyJlcSIsIiRhY2wiLCJwcml2YXRlIl1dfQ==\"}","instance_ids":["i-0132531ca8714bc80"],"data":"abf17b70-cce7-11e6-b223-71a410dc87ee","command_name":"CMD-TailLogs","api_version":"1.0","resource_name":"AWSEBAutoScalingGroup","request_id":"abf17b70-cce7-11e6-b223-71a410dc87ee","command_timeout":"600"}
[2016-12-28T10:23:29.634Z] INFO  [3817]  : Command processor should execute command.
[2016-12-28T10:23:29.634Z] DEBUG [3817]  : Storing current stage..
[2016-12-28T10:23:29.634Z] DEBUG [3817]  : Stage_num does not exist. Not saving null stage. Returning..
[2016-12-28T10:23:29.634Z] DEBUG [3817]  : Reading config file: /etc/elasticbeanstalk/.aws-eb-stack.properties
[2016-12-28T10:23:29.634Z] DEBUG [3817]  : Retrieving metadata for key: AWS::ElasticBeanstalk::Ext||_ContainerConfigFileContent||commands..
[2016-12-28T10:23:29.635Z] DEBUG [3817]  : Retrieving metadata for key: AWS::ElasticBeanstalk::Ext||_API||_Commands..
[2016-12-28T10:23:29.635Z] INFO  [3817]  : Found enabled addons: ["logpublish", "logstreaming"].
[2016-12-28T10:23:29.636Z] INFO  [3817]  : Updating Command definition of addon logpublish.
[2016-12-28T10:23:29.636Z] INFO  [3817]  : Updating Command definition of addon logstreaming.
[2016-12-28T10:23:29.636Z] DEBUG [3817]  : Loaded definition of Command CMD-TailLogs.
[2016-12-28T10:23:29.636Z] INFO  [3817]  : Executing CMD-TailLogs
[2016-12-28T10:23:29.637Z] INFO  [3817]  : Executing command: CMD-TailLogs...
[2016-12-28T10:23:29.637Z] INFO  [3817]  : Executing command CMD-TailLogs activities...
[2016-12-28T10:23:29.637Z] DEBUG [3817]  : Setting environment variables..
[2016-12-28T10:23:29.637Z] INFO  [3817]  : Running AddonsBefore for command CMD-TailLogs...
[2016-12-28T10:23:29.637Z] DEBUG [3817]  : Running stages of Command CMD-TailLogs from stage 0 to stage 0...
[2016-12-28T10:23:29.637Z] INFO  [3817]  : Running stage 0 of command CMD-TailLogs...
[2016-12-28T10:23:29.637Z] DEBUG [3817]  : Loaded 1 actions for stage 0.
[2016-12-28T10:23:29.637Z] INFO  [3817]  : Running 1 of 1 actions: TailLogs...
[2016-12-28T10:23:29.863Z] INFO  [3817]  : Running AddonsAfter for command CMD-TailLogs...
[2016-12-28T10:23:29.863Z] INFO  [3817]  : Command CMD-TailLogs succeeded!
[2016-12-28T10:23:29.864Z] INFO  [3817]  : Command processor returning results: 
{"status":"SUCCESS","api_version":"1.0","results":[{"status":"SUCCESS","msg":"","returncode":0,"events":[{"msg":"[Instance: i-0132531ca8714bc80] Successfully finished tailing 5 log(s)","severity":"INFO","timestamp":1482920609863}]}]}
[2016-12-28T10:24:40.157Z] DEBUG [3861]  : Reading config file: /etc/elasticbeanstalk/.aws-eb-stack.properties
[2016-12-28T10:24:40.157Z] DEBUG [3861]  : Checking if the command processor should execute...
[2016-12-28T10:24:40.160Z] DEBUG [3861]  : Checking whether the command is applicable to instance (i-0132531ca8714bc80)..
[2016-12-28T10:24:40.160Z] INFO  [3861]  : Command is applicable to this instance (i-0132531ca8714bc80)..
[2016-12-28T10:24:40.160Z] DEBUG [3861]  : Checking if the received command stage is valid..
[2016-12-28T10:24:40.160Z] INFO  [3861]  : No stage_num in command. Valid stage..
[2016-12-28T10:24:40.160Z] INFO  [3861]  : Received command CMD-AppDeploy: {"execution_data":"{\"leader_election\":\"true\"}","instance_ids":["i-0132531ca8714bc80"],"data":"manifest_1482920677205","command_name":"CMD-AppDeploy","api_version":"1.0","resource_name":"AWSEBAutoScalingGroup","request_id":"d2b2704c-cce7-11e6-a81a-21b40acb26ef","command_timeout":"600"}
[2016-12-28T10:24:40.160Z] INFO  [3861]  : Command processor should execute command.
[2016-12-28T10:24:40.160Z] DEBUG [3861]  : Storing current stage..
[2016-12-28T10:24:40.160Z] DEBUG [3861]  : Stage_num does not exist. Not saving null stage. Returning..
[2016-12-28T10:24:40.160Z] DEBUG [3861]  : Reading config file: /etc/elasticbeanstalk/.aws-eb-stack.properties
[2016-12-28T10:24:40.160Z] DEBUG [3861]  : Retrieving metadata for key: AWS::ElasticBeanstalk::Ext||_ContainerConfigFileContent||commands..
[2016-12-28T10:24:40.161Z] DEBUG [3861]  : Retrieving metadata for key: AWS::ElasticBeanstalk::Ext||_API||_Commands..
[2016-12-28T10:24:40.161Z] INFO  [3861]  : Found enabled addons: ["logpublish", "logstreaming"].
[2016-12-28T10:24:40.162Z] INFO  [3861]  : Updating Command definition of addon logpublish.
[2016-12-28T10:24:40.162Z] INFO  [3861]  : Updating Command definition of addon logstreaming.
[2016-12-28T10:24:40.162Z] DEBUG [3861]  : Refreshing metadata...
[2016-12-28T10:24:40.414Z] DEBUG [3861]  : Refreshed environment metadata.
[2016-12-28T10:24:40.414Z] DEBUG [3861]  : Retrieving metadata for key: AWS::ElasticBeanstalk::Ext||_ContainerConfigFileContent||commands..
[2016-12-28T10:24:40.415Z] DEBUG [3861]  : Retrieving metadata for key: AWS::ElasticBeanstalk::Ext||_API||_Commands..
[2016-12-28T10:24:40.416Z] INFO  [3861]  : Found enabled addons: ["logpublish", "logstreaming"].
[2016-12-28T10:24:40.416Z] INFO  [3861]  : Updating Command definition of addon logpublish.
[2016-12-28T10:24:40.416Z] INFO  [3861]  : Updating Command definition of addon logstreaming.
[2016-12-28T10:24:40.417Z] DEBUG [3861]  : Retrieving metadata for key: AWS::CloudFormation::Init||Infra-WriteApplication2||files..
[2016-12-28T10:24:40.417Z] DEBUG [3861]  : Retrieving metadata for key: AWS::ElasticBeanstalk::Ext||ManifestFileS3Key..
[2016-12-28T10:24:40.507Z] INFO  [3861]  : Loading manifest from bucket 'elasticbeanstalk-us-west-2-341826891138' using computed S3 key 'resources/environments/e-rzpyvmyjqg/_runtime/versions/manifest_1482920677205'.
[2016-12-28T10:24:40.575Z] INFO  [3861]  : Updated manifest cache: deployment ID 3 and serial 3.
[2016-12-28T10:24:40.575Z] DEBUG [3861]  : Loaded definition of Command CMD-AppDeploy.
[2016-12-28T10:24:40.575Z] INFO  [3861]  : Executing Application update
[2016-12-28T10:24:40.576Z] INFO  [3861]  : Executing command: CMD-AppDeploy...
[2016-12-28T10:24:40.576Z] INFO  [3861]  : Executing command CMD-AppDeploy activities...
[2016-12-28T10:24:40.576Z] DEBUG [3861]  : Setting environment variables..
[2016-12-28T10:24:40.576Z] INFO  [3861]  : Running AddonsBefore for command CMD-AppDeploy...
[2016-12-28T10:24:40.576Z] DEBUG [3861]  : Running stages of Command CMD-AppDeploy from stage 0 to stage 1...
[2016-12-28T10:24:40.576Z] INFO  [3861]  : Running stage 0 of command CMD-AppDeploy...
[2016-12-28T10:24:40.576Z] INFO  [3861]  : Running leader election...
[2016-12-28T10:24:40.826Z] INFO  [3861]  : Instance is Leader.
[2016-12-28T10:24:40.826Z] DEBUG [3861]  : Loaded 6 actions for stage 0.
[2016-12-28T10:24:40.826Z] INFO  [3861]  : Running 1 of 6 actions: InfraWriteConfig...
[2016-12-28T10:24:40.829Z] INFO  [3861]  : Running 2 of 6 actions: DownloadSourceBundle...
[2016-12-28T10:24:41.095Z] INFO  [3861]  : Running 3 of 6 actions: EbExtensionPreBuild...
[2016-12-28T10:24:41.374Z] INFO  [3861]  : Running 4 of 6 actions: AppDeployPreHook...
[2016-12-28T10:24:43.713Z] INFO  [3861]  : Running 5 of 6 actions: EbExtensionPostBuild...
[2016-12-28T10:24:43.998Z] INFO  [3861]  : Running 6 of 6 actions: InfraCleanEbextension...
[2016-12-28T10:24:44.000Z] INFO  [3861]  : Running stage 1 of command CMD-AppDeploy...
[2016-12-28T10:24:44.000Z] DEBUG [3861]  : Loaded 2 actions for stage 1.
[2016-12-28T10:24:44.000Z] INFO  [3861]  : Running 1 of 2 actions: AppDeployEnactHook...
[2016-12-28T10:24:52.354Z] INFO  [3861]  : Running 2 of 2 actions: AppDeployPostHook...
[2016-12-28T10:24:52.355Z] INFO  [3861]  : Running AddonsAfter for command CMD-AppDeploy...
[2016-12-28T10:24:52.542Z] INFO  [3861]  : Command CMD-AppDeploy succeeded!
[2016-12-28T10:24:52.542Z] INFO  [3861]  : Command processor returning results: 
{"status":"SUCCESS","api_version":"1.0","results":[{"status":"SUCCESS","msg":"","returncode":0,"events":[]}]}
[2016-12-28T10:25:28.160Z] DEBUG [4116]  : Reading config file: /etc/elasticbeanstalk/.aws-eb-stack.properties
[2016-12-28T10:25:28.160Z] DEBUG [4116]  : Checking if the command processor should execute...
[2016-12-28T10:25:28.163Z] DEBUG [4116]  : Checking whether the command is applicable to instance (i-0132531ca8714bc80)..
[2016-12-28T10:25:28.163Z] INFO  [4116]  : Command is applicable to this instance (i-0132531ca8714bc80)..
[2016-12-28T10:25:28.163Z] DEBUG [4116]  : Checking if the received command stage is valid..
[2016-12-28T10:25:28.163Z] INFO  [4116]  : No stage_num in command. Valid stage..
[2016-12-28T10:25:28.163Z] INFO  [4116]  : Received command CMD-TailLogs: {"execution_data":"{\"aws_access_key_id\":\"ASIAJNAH4EIFESVMDSUQ\",\"signature\":\"mIgIfwLsCh007SFGiXLigiYfqnE=\",\"security_token\":\"FQoDYXdzECwaDIQDkthSuR1JztplliKVA1a94cYKvQL0ocJfVwQc98aq6QGRccdaHnFXSDhFlk0bVSgmY2LwOIuKnyo2QPHYN0uiWu5EDRWsJ1R9Dtq9rxkHvhAAUNSR3e\\\/g6KOMSdAtaKZLq0b9QAOw3EUiDf2eUNcnuE7iJk1DhwffRzTi9zxNkmdO7CPZyyhjtgMBpUXNJKxz7qr4rogmS5LkUZbAt3vL7lyMA5KT0IuJI7sLNZE01mWtz0Bv8PnrAl3dvWAQVrv68g+6SugA5e6XloNv1ZzgEMtRTy\\\/tHdjGhYDwnArQYdyYe7IZ7QSoDJzsUEK6l4tOnya5uO7o2QwFOL1O4YrCjOpkN755IZIO0Mk671oRZR1eBaKCAqoyspUxUMWsqmS+J0I81w13Wvlpx48CX3uZOGf23j8aXwSaUDP4cmalZzI3fA3T+YF+2YdEL0BkY9w4m3AlWgWRhzK\\\/r1UM+m7yh8g7y7GP3sl4ez2ilwLdZX3dFoF+C\\\/yQnFLhZvOoJZlT\\\/3gZIQ00cj6fs6xOLd7fEx4\\\/fvumL0PUgJrBDO5WsNfggSiVpo7DBQ==\",\"policy\":\"eyJleHBpcmF0aW9uIjoiMjAxNi0xMi0yOFQxMDo1NToyNi4yNVoiLCJjb25kaXRpb25zIjpbWyJzdGFydHMtd2l0aCIsIiR4LWFtei1tZXRhLXRpbWVfc3RhbXAiLCIiXSxbInN0YXJ0cy13aXRoIiwiJHgtYW16LW1ldGEtcHVibGlzaF9tZWNoYW5pc20iLCIiXSxbInN0YXJ0cy13aXRoIiwiJGtleSIsInJlc291cmNlc1wvZW52aXJvbm1lbnRzXC9sb2dzXC8iXSxbInN0YXJ0cy13aXRoIiwiJHgtYW16LW1ldGEtYmF0Y2hfaWQiLCIiXSxbInN0YXJ0cy13aXRoIiwiJHgtYW16LW1ldGEtZmlsZV9uYW1lIiwiIl0sWyJzdGFydHMtd2l0aCIsIiR4LWFtei1zZWN1cml0eS10b2tlbiIsIiJdLFsic3RhcnRzLXdpdGgiLCIkQ29udGVudC1UeXBlIiwiIl0sWyJlcSIsIiRidWNrZXQiLCJlbGFzdGljYmVhbnN0YWxrLXVzLXdlc3QtMi0zNDE4MjY4OTExMzgiXSxbImVxIiwiJGFjbCIsInByaXZhdGUiXV19\"}","instance_ids":["i-0132531ca8714bc80"],"data":"f27b7e61-cce7-11e6-9cbb-9fcfe0a5ccc9","command_name":"CMD-TailLogs","api_version":"1.0","resource_name":"AWSEBAutoScalingGroup","request_id":"f27b7e61-cce7-11e6-9cbb-9fcfe0a5ccc9","command_timeout":"600"}
[2016-12-28T10:25:28.163Z] INFO  [4116]  : Command processor should execute command.
[2016-12-28T10:25:28.163Z] DEBUG [4116]  : Storing current stage..
[2016-12-28T10:25:28.163Z] DEBUG [4116]  : Stage_num does not exist. Not saving null stage. Returning..
[2016-12-28T10:25:28.163Z] DEBUG [4116]  : Reading config file: /etc/elasticbeanstalk/.aws-eb-stack.properties
[2016-12-28T10:25:28.163Z] DEBUG [4116]  : Retrieving metadata for key: AWS::ElasticBeanstalk::Ext||_ContainerConfigFileContent||commands..
[2016-12-28T10:25:28.164Z] DEBUG [4116]  : Retrieving metadata for key: AWS::ElasticBeanstalk::Ext||_API||_Commands..
[2016-12-28T10:25:28.164Z] INFO  [4116]  : Found enabled addons: ["logpublish", "logstreaming"].
[2016-12-28T10:25:28.165Z] INFO  [4116]  : Updating Command definition of addon logpublish.
[2016-12-28T10:25:28.165Z] INFO  [4116]  : Updating Command definition of addon logstreaming.
[2016-12-28T10:25:28.165Z] DEBUG [4116]  : Loaded definition of Command CMD-TailLogs.
[2016-12-28T10:25:28.165Z] INFO  [4116]  : Executing CMD-TailLogs
[2016-12-28T10:25:28.166Z] INFO  [4116]  : Executing command: CMD-TailLogs...
[2016-12-28T10:25:28.166Z] INFO  [4116]  : Executing command CMD-TailLogs activities...
[2016-12-28T10:25:28.166Z] DEBUG [4116]  : Setting environment variables..
[2016-12-28T10:25:28.166Z] INFO  [4116]  : Running AddonsBefore for command CMD-TailLogs...
[2016-12-28T10:25:28.166Z] DEBUG [4116]  : Running stages of Command CMD-TailLogs from stage 0 to stage 0...
[2016-12-28T10:25:28.166Z] INFO  [4116]  : Running stage 0 of command CMD-TailLogs...
[2016-12-28T10:25:28.166Z] DEBUG [4116]  : Loaded 1 actions for stage 0.
[2016-12-28T10:25:28.166Z] INFO  [4116]  : Running 1 of 1 actions: TailLogs...
[2016-12-28T10:25:28.354Z] INFO  [4116]  : Running AddonsAfter for command CMD-TailLogs...
[2016-12-28T10:25:28.354Z] INFO  [4116]  : Command CMD-TailLogs succeeded!
[2016-12-28T10:25:28.354Z] INFO  [4116]  : Command processor returning results: 
{"status":"SUCCESS","api_version":"1.0","results":[{"status":"SUCCESS","msg":"","returncode":0,"events":[{"msg":"[Instance: i-0132531ca8714bc80] Successfully finished tailing 5 log(s)","severity":"INFO","timestamp":1482920728354}]}]}
[2016-12-28T10:27:26.872Z] DEBUG [4205]  : Reading config file: /etc/elasticbeanstalk/.aws-eb-stack.properties
[2016-12-28T10:27:26.872Z] DEBUG [4205]  : Checking if the command processor should execute...
[2016-12-28T10:27:26.875Z] DEBUG [4205]  : Checking whether the command is applicable to instance (i-0132531ca8714bc80)..
[2016-12-28T10:27:26.875Z] INFO  [4205]  : Command is applicable to this instance (i-0132531ca8714bc80)..
[2016-12-28T10:27:26.875Z] DEBUG [4205]  : Checking if the received command stage is valid..
[2016-12-28T10:27:26.875Z] INFO  [4205]  : No stage_num in command. Valid stage..
[2016-12-28T10:27:26.875Z] INFO  [4205]  : Received command CMD-AppDeploy: {"execution_data":"{\"leader_election\":\"true\"}","instance_ids":["i-0132531ca8714bc80"],"data":"manifest_1482920844260","command_name":"CMD-AppDeploy","api_version":"1.0","resource_name":"AWSEBAutoScalingGroup","request_id":"365e56b7-cce8-11e6-910a-a90d3ad3205f","command_timeout":"600"}
[2016-12-28T10:27:26.875Z] INFO  [4205]  : Command processor should execute command.
[2016-12-28T10:27:26.875Z] DEBUG [4205]  : Storing current stage..
[2016-12-28T10:27:26.875Z] DEBUG [4205]  : Stage_num does not exist. Not saving null stage. Returning..
[2016-12-28T10:27:26.875Z] DEBUG [4205]  : Reading config file: /etc/elasticbeanstalk/.aws-eb-stack.properties
[2016-12-28T10:27:26.875Z] DEBUG [4205]  : Retrieving metadata for key: AWS::ElasticBeanstalk::Ext||_ContainerConfigFileContent||commands..
[2016-12-28T10:27:26.875Z] DEBUG [4205]  : Retrieving metadata for key: AWS::ElasticBeanstalk::Ext||_API||_Commands..
[2016-12-28T10:27:26.876Z] INFO  [4205]  : Found enabled addons: ["logpublish", "logstreaming"].
[2016-12-28T10:27:26.877Z] INFO  [4205]  : Updating Command definition of addon logpublish.
[2016-12-28T10:27:26.877Z] INFO  [4205]  : Updating Command definition of addon logstreaming.
[2016-12-28T10:27:26.877Z] DEBUG [4205]  : Refreshing metadata...
[2016-12-28T10:27:27.129Z] DEBUG [4205]  : Refreshed environment metadata.
[2016-12-28T10:27:27.129Z] DEBUG [4205]  : Retrieving metadata for key: AWS::ElasticBeanstalk::Ext||_ContainerConfigFileContent||commands..
[2016-12-28T10:27:27.130Z] DEBUG [4205]  : Retrieving metadata for key: AWS::ElasticBeanstalk::Ext||_API||_Commands..
[2016-12-28T10:27:27.131Z] INFO  [4205]  : Found enabled addons: ["logpublish", "logstreaming"].
[2016-12-28T10:27:27.131Z] INFO  [4205]  : Updating Command definition of addon logpublish.
[2016-12-28T10:27:27.132Z] INFO  [4205]  : Updating Command definition of addon logstreaming.
[2016-12-28T10:27:27.132Z] DEBUG [4205]  : Retrieving metadata for key: AWS::CloudFormation::Init||Infra-WriteApplication2||files..
[2016-12-28T10:27:27.132Z] DEBUG [4205]  : Retrieving metadata for key: AWS::ElasticBeanstalk::Ext||ManifestFileS3Key..
[2016-12-28T10:27:27.225Z] INFO  [4205]  : Loading manifest from bucket 'elasticbeanstalk-us-west-2-341826891138' using computed S3 key 'resources/environments/e-rzpyvmyjqg/_runtime/versions/manifest_1482920844260'.
[2016-12-28T10:27:27.337Z] INFO  [4205]  : Updated manifest cache: deployment ID 4 and serial 4.
[2016-12-28T10:27:27.338Z] DEBUG [4205]  : Loaded definition of Command CMD-AppDeploy.
[2016-12-28T10:27:27.338Z] INFO  [4205]  : Executing Application update
[2016-12-28T10:27:27.338Z] INFO  [4205]  : Executing command: CMD-AppDeploy...
[2016-12-28T10:27:27.338Z] INFO  [4205]  : Executing command CMD-AppDeploy activities...
[2016-12-28T10:27:27.338Z] DEBUG [4205]  : Setting environment variables..
[2016-12-28T10:27:27.338Z] INFO  [4205]  : Running AddonsBefore for command CMD-AppDeploy...
[2016-12-28T10:27:27.338Z] DEBUG [4205]  : Running stages of Command CMD-AppDeploy from stage 0 to stage 1...
[2016-12-28T10:27:27.338Z] INFO  [4205]  : Running stage 0 of command CMD-AppDeploy...
[2016-12-28T10:27:27.338Z] INFO  [4205]  : Running leader election...
[2016-12-28T10:27:27.588Z] INFO  [4205]  : Instance is Leader.
[2016-12-28T10:27:27.588Z] DEBUG [4205]  : Loaded 6 actions for stage 0.
[2016-12-28T10:27:27.588Z] INFO  [4205]  : Running 1 of 6 actions: InfraWriteConfig...
[2016-12-28T10:27:27.590Z] INFO  [4205]  : Running 2 of 6 actions: DownloadSourceBundle...
[2016-12-28T10:27:27.871Z] INFO  [4205]  : Running 3 of 6 actions: EbExtensionPreBuild...
[2016-12-28T10:27:28.147Z] INFO  [4205]  : Running 4 of 6 actions: AppDeployPreHook...
[2016-12-28T10:27:30.474Z] INFO  [4205]  : Running 5 of 6 actions: EbExtensionPostBuild...
[2016-12-28T10:27:30.747Z] INFO  [4205]  : Running 6 of 6 actions: InfraCleanEbextension...
[2016-12-28T10:27:30.749Z] INFO  [4205]  : Running stage 1 of command CMD-AppDeploy...
[2016-12-28T10:27:30.749Z] DEBUG [4205]  : Loaded 2 actions for stage 1.
[2016-12-28T10:27:30.749Z] INFO  [4205]  : Running 1 of 2 actions: AppDeployEnactHook...
[2016-12-28T10:27:35.123Z] INFO  [4205]  : Running 2 of 2 actions: AppDeployPostHook...
[2016-12-28T10:27:35.123Z] INFO  [4205]  : Running AddonsAfter for command CMD-AppDeploy...
[2016-12-28T10:27:35.314Z] INFO  [4205]  : Command CMD-AppDeploy succeeded!
[2016-12-28T10:27:35.315Z] INFO  [4205]  : Command processor returning results: 
{"status":"SUCCESS","api_version":"1.0","results":[{"status":"SUCCESS","msg":"","returncode":0,"events":[]}]}
[2016-12-28T10:29:09.975Z] DEBUG [4502]  : Reading config file: /etc/elasticbeanstalk/.aws-eb-stack.properties
[2016-12-28T10:29:09.975Z] DEBUG [4502]  : Checking if the command processor should execute...
[2016-12-28T10:29:09.978Z] DEBUG [4502]  : Checking whether the command is applicable to instance (i-0132531ca8714bc80)..
[2016-12-28T10:29:09.978Z] INFO  [4502]  : Command is applicable to this instance (i-0132531ca8714bc80)..
[2016-12-28T10:29:09.978Z] DEBUG [4502]  : Checking if the received command stage is valid..
[2016-12-28T10:29:09.978Z] INFO  [4502]  : No stage_num in command. Valid stage..
[2016-12-28T10:29:09.978Z] INFO  [4502]  : Received command CMD-TailLogs: {"execution_data":"{\"aws_access_key_id\":\"ASIAJ6NZT4APTQNBXH7A\",\"signature\":\"mM2ttlBgVyFt8vlCGQ18RwUjEqU=\",\"security_token\":\"FQoDYXdzECwaDF6X3aIqQG2rxJghkCKVA1ce48C9+UueUdP8CE9id46TYB5+fTmMbTfiwdOpEMV6rYi76XQbynh2THcH4UeEqFaW79deTTfcIY0XPsVlXuh57FfbubrHtyLUeCyB7xhhjLJvCxPaRQQOusJK1VHOLeq0NGiPfHckxT9VbCm6eyjFb2vugvx0x0\\\/sdtEO8eEXcQTIyDZr3VZuMIJgDXCR0BE7ryrACIdDR+LneX07iEqR\\\/d3P9ZJbU7FpneSESiHePOnsQKvlV49diFIO9eqp45HSZjxw9tNe1JTt7x4wIIZOeleciIz\\\/AERM3ROcnZ6yP4M1Y6OPKWJq+jXxipVQfxKT1HRgNvzavBgAmkAGd0x6uJ0nBJAWfcrLyZkpio1YAszt6TYI2XLP6P91sSeua5FshU0YVZ+LHZO+9WKvo7mOfn1KLt+AS7Oi681H2\\\/DBCHAt4uw46dxiek\\\/ohaNdfme+02zH4Y3CkEvRLozpWIApZAXvFCvmW8OeTbdbZK\\\/lAILNkxH9xn07FlX9iQPGORNRIJvLr12FMEOaYYx4rueA8jpzyCjzp47DBQ==\",\"policy\":\"eyJleHBpcmF0aW9uIjoiMjAxNi0xMi0yOFQxMDo1OTowOC4xNloiLCJjb25kaXRpb25zIjpbWyJzdGFydHMtd2l0aCIsIiR4LWFtei1tZXRhLXRpbWVfc3RhbXAiLCIiXSxbInN0YXJ0cy13aXRoIiwiJHgtYW16LW1ldGEtcHVibGlzaF9tZWNoYW5pc20iLCIiXSxbInN0YXJ0cy13aXRoIiwiJGtleSIsInJlc291cmNlc1wvZW52aXJvbm1lbnRzXC9sb2dzXC8iXSxbInN0YXJ0cy13aXRoIiwiJHgtYW16LW1ldGEtYmF0Y2hfaWQiLCIiXSxbInN0YXJ0cy13aXRoIiwiJHgtYW16LW1ldGEtZmlsZV9uYW1lIiwiIl0sWyJzdGFydHMtd2l0aCIsIiR4LWFtei1zZWN1cml0eS10b2tlbiIsIiJdLFsic3RhcnRzLXdpdGgiLCIkQ29udGVudC1UeXBlIiwiIl0sWyJlcSIsIiRidWNrZXQiLCJlbGFzdGljYmVhbnN0YWxrLXVzLXdlc3QtMi0zNDE4MjY4OTExMzgiXSxbImVxIiwiJGFjbCIsInByaXZhdGUiXV19\"}","instance_ids":["i-0132531ca8714bc80"],"data":"76cb69b9-cce8-11e6-a2e3-cde9169de95e","command_name":"CMD-TailLogs","api_version":"1.0","resource_name":"AWSEBAutoScalingGroup","request_id":"76cb69b9-cce8-11e6-a2e3-cde9169de95e","command_timeout":"600"}
[2016-12-28T10:29:09.978Z] INFO  [4502]  : Command processor should execute command.
[2016-12-28T10:29:09.978Z] DEBUG [4502]  : Storing current stage..
[2016-12-28T10:29:09.978Z] DEBUG [4502]  : Stage_num does not exist. Not saving null stage. Returning..
[2016-12-28T10:29:09.978Z] DEBUG [4502]  : Reading config file: /etc/elasticbeanstalk/.aws-eb-stack.properties
[2016-12-28T10:29:09.978Z] DEBUG [4502]  : Retrieving metadata for key: AWS::ElasticBeanstalk::Ext||_ContainerConfigFileContent||commands..
[2016-12-28T10:29:09.979Z] DEBUG [4502]  : Retrieving metadata for key: AWS::ElasticBeanstalk::Ext||_API||_Commands..
[2016-12-28T10:29:09.979Z] INFO  [4502]  : Found enabled addons: ["logpublish", "logstreaming"].
[2016-12-28T10:29:09.980Z] INFO  [4502]  : Updating Command definition of addon logpublish.
[2016-12-28T10:29:09.980Z] INFO  [4502]  : Updating Command definition of addon logstreaming.
[2016-12-28T10:29:09.981Z] DEBUG [4502]  : Loaded definition of Command CMD-TailLogs.
[2016-12-28T10:29:09.981Z] INFO  [4502]  : Executing CMD-TailLogs
[2016-12-28T10:29:09.981Z] INFO  [4502]  : Executing command: CMD-TailLogs...
[2016-12-28T10:29:09.981Z] INFO  [4502]  : Executing command CMD-TailLogs activities...
[2016-12-28T10:29:09.981Z] DEBUG [4502]  : Setting environment variables..
[2016-12-28T10:29:09.981Z] INFO  [4502]  : Running AddonsBefore for command CMD-TailLogs...
[2016-12-28T10:29:09.981Z] DEBUG [4502]  : Running stages of Command CMD-TailLogs from stage 0 to stage 0...
[2016-12-28T10:29:09.981Z] INFO  [4502]  : Running stage 0 of command CMD-TailLogs...
[2016-12-28T10:29:09.981Z] DEBUG [4502]  : Loaded 1 actions for stage 0.
[2016-12-28T10:29:09.981Z] INFO  [4502]  : Running 1 of 1 actions: TailLogs...
[2016-12-28T10:29:10.171Z] INFO  [4502]  : Running AddonsAfter for command CMD-TailLogs...
[2016-12-28T10:29:10.171Z] INFO  [4502]  : Command CMD-TailLogs succeeded!
[2016-12-28T10:29:10.171Z] INFO  [4502]  : Command processor returning results: 
{"status":"SUCCESS","api_version":"1.0","results":[{"status":"SUCCESS","msg":"","returncode":0,"events":[{"msg":"[Instance: i-0132531ca8714bc80] Successfully finished tailing 5 log(s)","severity":"INFO","timestamp":1482920950171}]}]}
[2016-12-28T10:30:18.384Z] DEBUG [4552]  : Reading config file: /etc/elasticbeanstalk/.aws-eb-stack.properties
[2016-12-28T10:30:18.384Z] DEBUG [4552]  : Checking if the command processor should execute...
[2016-12-28T10:30:18.387Z] DEBUG [4552]  : Checking whether the command is applicable to instance (i-0132531ca8714bc80)..
[2016-12-28T10:30:18.387Z] INFO  [4552]  : Command is applicable to this instance (i-0132531ca8714bc80)..
[2016-12-28T10:30:18.387Z] DEBUG [4552]  : Checking if the received command stage is valid..
[2016-12-28T10:30:18.387Z] INFO  [4552]  : No stage_num in command. Valid stage..
[2016-12-28T10:30:18.387Z] INFO  [4552]  : Received command CMD-AppDeploy: {"execution_data":"{\"leader_election\":\"true\"}","instance_ids":["i-0132531ca8714bc80"],"data":"manifest_1482921015092","command_name":"CMD-AppDeploy","api_version":"1.0","resource_name":"AWSEBAutoScalingGroup","request_id":"98ed82a5-cce8-11e6-b223-71a410dc87ee","command_timeout":"600"}
[2016-12-28T10:30:18.387Z] INFO  [4552]  : Command processor should execute command.
[2016-12-28T10:30:18.387Z] DEBUG [4552]  : Storing current stage..
[2016-12-28T10:30:18.387Z] DEBUG [4552]  : Stage_num does not exist. Not saving null stage. Returning..
[2016-12-28T10:30:18.387Z] DEBUG [4552]  : Reading config file: /etc/elasticbeanstalk/.aws-eb-stack.properties
[2016-12-28T10:30:18.387Z] DEBUG [4552]  : Retrieving metadata for key: AWS::ElasticBeanstalk::Ext||_ContainerConfigFileContent||commands..
[2016-12-28T10:30:18.388Z] DEBUG [4552]  : Retrieving metadata for key: AWS::ElasticBeanstalk::Ext||_API||_Commands..
[2016-12-28T10:30:18.388Z] INFO  [4552]  : Found enabled addons: ["logpublish", "logstreaming"].
[2016-12-28T10:30:18.389Z] INFO  [4552]  : Updating Command definition of addon logpublish.
[2016-12-28T10:30:18.389Z] INFO  [4552]  : Updating Command definition of addon logstreaming.
[2016-12-28T10:30:18.389Z] DEBUG [4552]  : Refreshing metadata...
[2016-12-28T10:30:18.645Z] DEBUG [4552]  : Refreshed environment metadata.
[2016-12-28T10:30:18.645Z] DEBUG [4552]  : Retrieving metadata for key: AWS::ElasticBeanstalk::Ext||_ContainerConfigFileContent||commands..
[2016-12-28T10:30:18.646Z] DEBUG [4552]  : Retrieving metadata for key: AWS::ElasticBeanstalk::Ext||_API||_Commands..
[2016-12-28T10:30:18.647Z] INFO  [4552]  : Found enabled addons: ["logpublish", "logstreaming"].
[2016-12-28T10:30:18.648Z] INFO  [4552]  : Updating Command definition of addon logpublish.
[2016-12-28T10:30:18.648Z] INFO  [4552]  : Updating Command definition of addon logstreaming.
[2016-12-28T10:30:18.648Z] DEBUG [4552]  : Retrieving metadata for key: AWS::CloudFormation::Init||Infra-WriteApplication2||files..
[2016-12-28T10:30:18.648Z] DEBUG [4552]  : Retrieving metadata for key: AWS::ElasticBeanstalk::Ext||ManifestFileS3Key..
[2016-12-28T10:30:18.745Z] INFO  [4552]  : Loading manifest from bucket 'elasticbeanstalk-us-west-2-341826891138' using computed S3 key 'resources/environments/e-rzpyvmyjqg/_runtime/versions/manifest_1482921015092'.
[2016-12-28T10:30:18.827Z] INFO  [4552]  : Updated manifest cache: deployment ID 5 and serial 5.
[2016-12-28T10:30:18.827Z] DEBUG [4552]  : Loaded definition of Command CMD-AppDeploy.
[2016-12-28T10:30:18.828Z] INFO  [4552]  : Executing Application update
[2016-12-28T10:30:18.828Z] INFO  [4552]  : Executing command: CMD-AppDeploy...
[2016-12-28T10:30:18.828Z] INFO  [4552]  : Executing command CMD-AppDeploy activities...
[2016-12-28T10:30:18.828Z] DEBUG [4552]  : Setting environment variables..
[2016-12-28T10:30:18.828Z] INFO  [4552]  : Running AddonsBefore for command CMD-AppDeploy...
[2016-12-28T10:30:18.828Z] DEBUG [4552]  : Running stages of Command CMD-AppDeploy from stage 0 to stage 1...
[2016-12-28T10:30:18.828Z] INFO  [4552]  : Running stage 0 of command CMD-AppDeploy...
[2016-12-28T10:30:18.828Z] INFO  [4552]  : Running leader election...
[2016-12-28T10:30:19.080Z] INFO  [4552]  : Instance is Leader.
[2016-12-28T10:30:19.080Z] DEBUG [4552]  : Loaded 6 actions for stage 0.
[2016-12-28T10:30:19.080Z] INFO  [4552]  : Running 1 of 6 actions: InfraWriteConfig...
[2016-12-28T10:30:19.083Z] INFO  [4552]  : Running 2 of 6 actions: DownloadSourceBundle...
[2016-12-28T10:30:19.394Z] INFO  [4552]  : Running 3 of 6 actions: EbExtensionPreBuild...
[2016-12-28T10:30:19.686Z] INFO  [4552]  : Running 4 of 6 actions: AppDeployPreHook...
[2016-12-28T10:30:22.140Z] INFO  [4552]  : Running 5 of 6 actions: EbExtensionPostBuild...
[2016-12-28T10:30:22.421Z] INFO  [4552]  : Running 6 of 6 actions: InfraCleanEbextension...
[2016-12-28T10:30:22.422Z] INFO  [4552]  : Running stage 1 of command CMD-AppDeploy...
[2016-12-28T10:30:22.422Z] DEBUG [4552]  : Loaded 2 actions for stage 1.
[2016-12-28T10:30:22.422Z] INFO  [4552]  : Running 1 of 2 actions: AppDeployEnactHook...
[2016-12-28T10:30:26.865Z] INFO  [4552]  : Running 2 of 2 actions: AppDeployPostHook...
[2016-12-28T10:30:26.866Z] INFO  [4552]  : Running AddonsAfter for command CMD-AppDeploy...
[2016-12-28T10:30:27.058Z] INFO  [4552]  : Command CMD-AppDeploy succeeded!
[2016-12-28T10:30:27.059Z] INFO  [4552]  : Command processor returning results: 
{"status":"SUCCESS","api_version":"1.0","results":[{"status":"SUCCESS","msg":"","returncode":0,"events":[]}]}
[2016-12-28T10:35:49.943Z] DEBUG [4932]  : Reading config file: /etc/elasticbeanstalk/.aws-eb-stack.properties
[2016-12-28T10:35:49.943Z] DEBUG [4932]  : Checking if the command processor should execute...
[2016-12-28T10:35:49.946Z] DEBUG [4932]  : Checking whether the command is applicable to instance (i-0132531ca8714bc80)..
[2016-12-28T10:35:49.946Z] INFO  [4932]  : Command is applicable to this instance (i-0132531ca8714bc80)..
[2016-12-28T10:35:49.946Z] DEBUG [4932]  : Checking if the received command stage is valid..
[2016-12-28T10:35:49.946Z] INFO  [4932]  : No stage_num in command. Valid stage..
[2016-12-28T10:35:49.946Z] INFO  [4932]  : Received command CMD-TailLogs: {"execution_data":"{\"aws_access_key_id\":\"ASIAIWLHOP72HV7CPCPQ\",\"signature\":\"bCy6Ye6c0oY12+vpELXXZxYwV70=\",\"security_token\":\"FQoDYXdzECwaDKXQ88qx6t7fQbs0DSKVA\\\/bRMHNH\\\/QVqQNZC7oAPRAeHdQc\\\/l7fhEs0PZKWLbrew8BuV6nc73XHPY55wdcGjgdUvgG9ZNjrMw4v4E3xvnywL1sfBfDp0dSc\\\/iXeKrYDzSBshi3eD995A9ikpM9\\\/gUERalX7AhdWuNwjlKyUElQMxrYQiu8BXK\\\/ZJKu+Fxn8Jvrt+H78tumoFirjFlJNtvkcxDL5I7OXN\\\/NcnqonMDraOso0NZhZJLWt2VEVfwzofcrqdp4f4v6RMCr7bRIJ0BYbUgmCHEwFMSDKF9O8cLxNyOBR9XoKC2mByrRXDRbYD+Tq6ZUgI\\\/QAwwuLtNpFsZ6u\\\/ktQn9os07Vt0IrgIbnup1+1gkRT0AyDv0FArA9+pePAlH6EuxQBjaBCq3Vp3rxnH83UgxQd\\\/sLtst9gez472NyTjpw+um3jumKxcURO5pZ+2uJrztsR3jslLJWnDLcrmzWmZgFV10R\\\/0WY8cn\\\/hXc+8nDTVzB90YGjdpS\\\/kEMRxpcJY4KmqrNPFuRHC2+RJzVlvM35aoc\\\/pj3ZXSXp\\\/MAqw\\\/SCiDq47DBQ==\",\"policy\":\"eyJleHBpcmF0aW9uIjoiMjAxNi0xMi0yOFQxMTowNTo0OC4xNDlaIiwiY29uZGl0aW9ucyI6W1sic3RhcnRzLXdpdGgiLCIkeC1hbXotbWV0YS10aW1lX3N0YW1wIiwiIl0sWyJzdGFydHMtd2l0aCIsIiR4LWFtei1tZXRhLXB1Ymxpc2hfbWVjaGFuaXNtIiwiIl0sWyJzdGFydHMtd2l0aCIsIiRrZXkiLCJyZXNvdXJjZXNcL2Vudmlyb25tZW50c1wvbG9nc1wvIl0sWyJzdGFydHMtd2l0aCIsIiR4LWFtei1tZXRhLWJhdGNoX2lkIiwiIl0sWyJzdGFydHMtd2l0aCIsIiR4LWFtei1tZXRhLWZpbGVfbmFtZSIsIiJdLFsic3RhcnRzLXdpdGgiLCIkeC1hbXotc2VjdXJpdHktdG9rZW4iLCIiXSxbInN0YXJ0cy13aXRoIiwiJENvbnRlbnQtVHlwZSIsIiJdLFsiZXEiLCIkYnVja2V0IiwiZWxhc3RpY2JlYW5zdGFsay11cy13ZXN0LTItMzQxODI2ODkxMTM4Il0sWyJlcSIsIiRhY2wiLCJwcml2YXRlIl1dfQ==\"}","instance_ids":["i-0132531ca8714bc80"],"data":"65438998-cce9-11e6-910a-a90d3ad3205f","command_name":"CMD-TailLogs","api_version":"1.0","resource_name":"AWSEBAutoScalingGroup","request_id":"65438998-cce9-11e6-910a-a90d3ad3205f","command_timeout":"600"}
[2016-12-28T10:35:49.946Z] INFO  [4932]  : Command processor should execute command.
[2016-12-28T10:35:49.946Z] DEBUG [4932]  : Storing current stage..
[2016-12-28T10:35:49.946Z] DEBUG [4932]  : Stage_num does not exist. Not saving null stage. Returning..
[2016-12-28T10:35:49.946Z] DEBUG [4932]  : Reading config file: /etc/elasticbeanstalk/.aws-eb-stack.properties
[2016-12-28T10:35:49.947Z] DEBUG [4932]  : Retrieving metadata for key: AWS::ElasticBeanstalk::Ext||_ContainerConfigFileContent||commands..
[2016-12-28T10:35:49.947Z] DEBUG [4932]  : Retrieving metadata for key: AWS::ElasticBeanstalk::Ext||_API||_Commands..
[2016-12-28T10:35:49.948Z] INFO  [4932]  : Found enabled addons: ["logpublish", "logstreaming"].
[2016-12-28T10:35:49.949Z] INFO  [4932]  : Updating Command definition of addon logpublish.
[2016-12-28T10:35:49.949Z] INFO  [4932]  : Updating Command definition of addon logstreaming.
[2016-12-28T10:35:49.949Z] DEBUG [4932]  : Loaded definition of Command CMD-TailLogs.
[2016-12-28T10:35:49.949Z] INFO  [4932]  : Executing CMD-TailLogs
[2016-12-28T10:35:49.949Z] INFO  [4932]  : Executing command: CMD-TailLogs...
[2016-12-28T10:35:49.949Z] INFO  [4932]  : Executing command CMD-TailLogs activities...
[2016-12-28T10:35:49.949Z] DEBUG [4932]  : Setting environment variables..
[2016-12-28T10:35:49.949Z] INFO  [4932]  : Running AddonsBefore for command CMD-TailLogs...
[2016-12-28T10:35:49.949Z] DEBUG [4932]  : Running stages of Command CMD-TailLogs from stage 0 to stage 0...
[2016-12-28T10:35:49.949Z] INFO  [4932]  : Running stage 0 of command CMD-TailLogs...
[2016-12-28T10:35:49.950Z] DEBUG [4932]  : Loaded 1 actions for stage 0.
[2016-12-28T10:35:49.950Z] INFO  [4932]  : Running 1 of 1 actions: TailLogs...
[2016-12-28T10:35:50.191Z] INFO  [4932]  : Running AddonsAfter for command CMD-TailLogs...
[2016-12-28T10:35:50.191Z] INFO  [4932]  : Command CMD-TailLogs succeeded!
[2016-12-28T10:35:50.192Z] INFO  [4932]  : Command processor returning results: 
{"status":"SUCCESS","api_version":"1.0","results":[{"status":"SUCCESS","msg":"","returncode":0,"events":[{"msg":"[Instance: i-0132531ca8714bc80] Successfully finished tailing 5 log(s)","severity":"INFO","timestamp":1482921350191}]}]}
[2016-12-28T10:37:14.511Z] DEBUG [5038]  : Reading config file: /etc/elasticbeanstalk/.aws-eb-stack.properties
[2016-12-28T10:37:14.511Z] DEBUG [5038]  : Checking if the command processor should execute...
[2016-12-28T10:37:14.514Z] DEBUG [5038]  : Checking whether the command is applicable to instance (i-0132531ca8714bc80)..
[2016-12-28T10:37:14.514Z] INFO  [5038]  : Command is applicable to this instance (i-0132531ca8714bc80)..
[2016-12-28T10:37:14.514Z] DEBUG [5038]  : Checking if the received command stage is valid..
[2016-12-28T10:37:14.514Z] INFO  [5038]  : No stage_num in command. Valid stage..
[2016-12-28T10:37:14.514Z] INFO  [5038]  : Received command CMD-AppDeploy: {"execution_data":"{\"leader_election\":\"true\"}","instance_ids":["i-0132531ca8714bc80"],"data":"manifest_1482921431627","command_name":"CMD-AppDeploy","api_version":"1.0","resource_name":"AWSEBAutoScalingGroup","request_id":"9462873f-cce9-11e6-b6b8-4fbb5c4e7d2c","command_timeout":"600"}
[2016-12-28T10:37:14.514Z] INFO  [5038]  : Command processor should execute command.
[2016-12-28T10:37:14.514Z] DEBUG [5038]  : Storing current stage..
[2016-12-28T10:37:14.514Z] DEBUG [5038]  : Stage_num does not exist. Not saving null stage. Returning..
[2016-12-28T10:37:14.514Z] DEBUG [5038]  : Reading config file: /etc/elasticbeanstalk/.aws-eb-stack.properties
[2016-12-28T10:37:14.514Z] DEBUG [5038]  : Retrieving metadata for key: AWS::ElasticBeanstalk::Ext||_ContainerConfigFileContent||commands..
[2016-12-28T10:37:14.515Z] DEBUG [5038]  : Retrieving metadata for key: AWS::ElasticBeanstalk::Ext||_API||_Commands..
[2016-12-28T10:37:14.515Z] INFO  [5038]  : Found enabled addons: ["logpublish", "logstreaming"].
[2016-12-28T10:37:14.516Z] INFO  [5038]  : Updating Command definition of addon logpublish.
[2016-12-28T10:37:14.516Z] INFO  [5038]  : Updating Command definition of addon logstreaming.
[2016-12-28T10:37:14.516Z] DEBUG [5038]  : Refreshing metadata...
[2016-12-28T10:37:14.772Z] DEBUG [5038]  : Refreshed environment metadata.
[2016-12-28T10:37:14.772Z] DEBUG [5038]  : Retrieving metadata for key: AWS::ElasticBeanstalk::Ext||_ContainerConfigFileContent||commands..
[2016-12-28T10:37:14.772Z] DEBUG [5038]  : Retrieving metadata for key: AWS::ElasticBeanstalk::Ext||_API||_Commands..
[2016-12-28T10:37:14.773Z] INFO  [5038]  : Found enabled addons: ["logpublish", "logstreaming"].
[2016-12-28T10:37:14.774Z] INFO  [5038]  : Updating Command definition of addon logpublish.
[2016-12-28T10:37:14.774Z] INFO  [5038]  : Updating Command definition of addon logstreaming.
[2016-12-28T10:37:14.774Z] DEBUG [5038]  : Retrieving metadata for key: AWS::CloudFormation::Init||Infra-WriteApplication2||files..
[2016-12-28T10:37:14.775Z] DEBUG [5038]  : Retrieving metadata for key: AWS::ElasticBeanstalk::Ext||ManifestFileS3Key..
[2016-12-28T10:37:14.871Z] INFO  [5038]  : Loading manifest from bucket 'elasticbeanstalk-us-west-2-341826891138' using computed S3 key 'resources/environments/e-rzpyvmyjqg/_runtime/versions/manifest_1482921431627'.
[2016-12-28T10:37:14.981Z] INFO  [5038]  : Updated manifest cache: deployment ID 6 and serial 6.
[2016-12-28T10:37:14.981Z] DEBUG [5038]  : Loaded definition of Command CMD-AppDeploy.
[2016-12-28T10:37:14.981Z] INFO  [5038]  : Executing Application update
[2016-12-28T10:37:14.982Z] INFO  [5038]  : Executing command: CMD-AppDeploy...
[2016-12-28T10:37:14.982Z] INFO  [5038]  : Executing command CMD-AppDeploy activities...
[2016-12-28T10:37:14.982Z] DEBUG [5038]  : Setting environment variables..
[2016-12-28T10:37:14.982Z] INFO  [5038]  : Running AddonsBefore for command CMD-AppDeploy...
[2016-12-28T10:37:14.982Z] DEBUG [5038]  : Running stages of Command CMD-AppDeploy from stage 0 to stage 1...
[2016-12-28T10:37:14.982Z] INFO  [5038]  : Running stage 0 of command CMD-AppDeploy...
[2016-12-28T10:37:14.982Z] INFO  [5038]  : Running leader election...
[2016-12-28T10:37:15.237Z] INFO  [5038]  : Instance is Leader.
[2016-12-28T10:37:15.237Z] DEBUG [5038]  : Loaded 6 actions for stage 0.
[2016-12-28T10:37:15.237Z] INFO  [5038]  : Running 1 of 6 actions: InfraWriteConfig...
[2016-12-28T10:37:15.240Z] INFO  [5038]  : Running 2 of 6 actions: DownloadSourceBundle...
[2016-12-28T10:37:15.546Z] INFO  [5038]  : Running 3 of 6 actions: EbExtensionPreBuild...
[2016-12-28T10:37:15.839Z] INFO  [5038]  : Running 4 of 6 actions: AppDeployPreHook...
[2016-12-28T10:37:18.308Z] INFO  [5038]  : Running 5 of 6 actions: EbExtensionPostBuild...
[2016-12-28T10:37:18.547Z] INFO  [5038]  : Running 6 of 6 actions: InfraCleanEbextension...
[2016-12-28T10:37:18.548Z] INFO  [5038]  : Running stage 1 of command CMD-AppDeploy...
[2016-12-28T10:37:18.548Z] DEBUG [5038]  : Loaded 2 actions for stage 1.
[2016-12-28T10:37:18.548Z] INFO  [5038]  : Running 1 of 2 actions: AppDeployEnactHook...
[2016-12-28T10:37:23.000Z] INFO  [5038]  : Running 2 of 2 actions: AppDeployPostHook...
[2016-12-28T10:37:23.000Z] INFO  [5038]  : Running AddonsAfter for command CMD-AppDeploy...
[2016-12-28T10:37:23.195Z] INFO  [5038]  : Command CMD-AppDeploy succeeded!
[2016-12-28T10:37:23.195Z] INFO  [5038]  : Command processor returning results: 
{"status":"SUCCESS","api_version":"1.0","results":[{"status":"SUCCESS","msg":"","returncode":0,"events":[]}]}
[2016-12-30T11:47:50.607Z] DEBUG [23319] : Reading config file: /etc/elasticbeanstalk/.aws-eb-stack.properties
[2016-12-30T11:47:50.607Z] DEBUG [23319] : Checking if the command processor should execute...
[2016-12-30T11:47:50.610Z] DEBUG [23319] : Checking whether the command is applicable to instance (i-0132531ca8714bc80)..
[2016-12-30T11:47:50.610Z] INFO  [23319] : Command is applicable to this instance (i-0132531ca8714bc80)..
[2016-12-30T11:47:50.610Z] DEBUG [23319] : Checking if the received command stage is valid..
[2016-12-30T11:47:50.610Z] INFO  [23319] : No stage_num in command. Valid stage..
[2016-12-30T11:47:50.610Z] INFO  [23319] : Received command CMD-AppDeploy: {"execution_data":"{\"leader_election\":\"true\"}","instance_ids":["i-0132531ca8714bc80"],"data":"manifest_1483098467869","command_name":"CMD-AppDeploy","api_version":"1.0","resource_name":"AWSEBAutoScalingGroup","request_id":"c60fb8ca-ce85-11e6-8a76-6d330041cf66","command_timeout":"600"}
[2016-12-30T11:47:50.610Z] INFO  [23319] : Command processor should execute command.
[2016-12-30T11:47:50.610Z] DEBUG [23319] : Storing current stage..
[2016-12-30T11:47:50.610Z] DEBUG [23319] : Stage_num does not exist. Not saving null stage. Returning..
[2016-12-30T11:47:50.610Z] DEBUG [23319] : Reading config file: /etc/elasticbeanstalk/.aws-eb-stack.properties
[2016-12-30T11:47:50.610Z] DEBUG [23319] : Retrieving metadata for key: AWS::ElasticBeanstalk::Ext||_ContainerConfigFileContent||commands..
[2016-12-30T11:47:50.611Z] DEBUG [23319] : Retrieving metadata for key: AWS::ElasticBeanstalk::Ext||_API||_Commands..
[2016-12-30T11:47:50.611Z] INFO  [23319] : Found enabled addons: ["logpublish", "logstreaming"].
[2016-12-30T11:47:50.612Z] INFO  [23319] : Updating Command definition of addon logpublish.
[2016-12-30T11:47:50.612Z] INFO  [23319] : Updating Command definition of addon logstreaming.
[2016-12-30T11:47:50.612Z] DEBUG [23319] : Refreshing metadata...
[2016-12-30T11:47:50.866Z] DEBUG [23319] : Refreshed environment metadata.
[2016-12-30T11:47:50.866Z] DEBUG [23319] : Retrieving metadata for key: AWS::ElasticBeanstalk::Ext||_ContainerConfigFileContent||commands..
[2016-12-30T11:47:50.867Z] DEBUG [23319] : Retrieving metadata for key: AWS::ElasticBeanstalk::Ext||_API||_Commands..
[2016-12-30T11:47:50.867Z] INFO  [23319] : Found enabled addons: ["logpublish", "logstreaming"].
[2016-12-30T11:47:50.868Z] INFO  [23319] : Updating Command definition of addon logpublish.
[2016-12-30T11:47:50.868Z] INFO  [23319] : Updating Command definition of addon logstreaming.
[2016-12-30T11:47:50.868Z] DEBUG [23319] : Retrieving metadata for key: AWS::CloudFormation::Init||Infra-WriteApplication2||files..
[2016-12-30T11:47:50.869Z] DEBUG [23319] : Retrieving metadata for key: AWS::ElasticBeanstalk::Ext||ManifestFileS3Key..
[2016-12-30T11:47:50.959Z] INFO  [23319] : Loading manifest from bucket 'elasticbeanstalk-us-west-2-341826891138' using computed S3 key 'resources/environments/e-rzpyvmyjqg/_runtime/versions/manifest_1483098467869'.
[2016-12-30T11:47:51.044Z] INFO  [23319] : Updated manifest cache: deployment ID 7 and serial 7.
[2016-12-30T11:47:51.044Z] DEBUG [23319] : Loaded definition of Command CMD-AppDeploy.
[2016-12-30T11:47:51.044Z] INFO  [23319] : Executing Application update
[2016-12-30T11:47:51.044Z] INFO  [23319] : Executing command: CMD-AppDeploy...
[2016-12-30T11:47:51.044Z] INFO  [23319] : Executing command CMD-AppDeploy activities...
[2016-12-30T11:47:51.044Z] DEBUG [23319] : Setting environment variables..
[2016-12-30T11:47:51.045Z] INFO  [23319] : Running AddonsBefore for command CMD-AppDeploy...
[2016-12-30T11:47:51.045Z] DEBUG [23319] : Running stages of Command CMD-AppDeploy from stage 0 to stage 1...
[2016-12-30T11:47:51.045Z] INFO  [23319] : Running stage 0 of command CMD-AppDeploy...
[2016-12-30T11:47:51.045Z] INFO  [23319] : Running leader election...
[2016-12-30T11:47:51.342Z] INFO  [23319] : Instance is Leader.
[2016-12-30T11:47:51.342Z] DEBUG [23319] : Loaded 6 actions for stage 0.
[2016-12-30T11:47:51.342Z] INFO  [23319] : Running 1 of 6 actions: InfraWriteConfig...
[2016-12-30T11:47:51.344Z] INFO  [23319] : Running 2 of 6 actions: DownloadSourceBundle...
[2016-12-30T11:47:51.645Z] INFO  [23319] : Running 3 of 6 actions: EbExtensionPreBuild...
[2016-12-30T11:47:51.920Z] INFO  [23319] : Running 4 of 6 actions: AppDeployPreHook...
[2016-12-30T11:47:54.244Z] INFO  [23319] : Running 5 of 6 actions: EbExtensionPostBuild...
[2016-12-30T11:47:54.519Z] INFO  [23319] : Running 6 of 6 actions: InfraCleanEbextension...
[2016-12-30T11:47:54.521Z] INFO  [23319] : Running stage 1 of command CMD-AppDeploy...
[2016-12-30T11:47:54.521Z] DEBUG [23319] : Loaded 2 actions for stage 1.
[2016-12-30T11:47:54.521Z] INFO  [23319] : Running 1 of 2 actions: AppDeployEnactHook...
[2016-12-30T11:47:58.898Z] INFO  [23319] : Running 2 of 2 actions: AppDeployPostHook...
[2016-12-30T11:47:58.899Z] INFO  [23319] : Running AddonsAfter for command CMD-AppDeploy...
[2016-12-30T11:47:59.094Z] INFO  [23319] : Command CMD-AppDeploy succeeded!
[2016-12-30T11:47:59.095Z] INFO  [23319] : Command processor returning results: 
{"status":"SUCCESS","api_version":"1.0","results":[{"status":"SUCCESS","msg":"","returncode":0,"events":[]}]}
[2016-12-30T12:52:33.249Z] DEBUG [25622] : Reading config file: /etc/elasticbeanstalk/.aws-eb-stack.properties
[2016-12-30T12:52:33.250Z] DEBUG [25622] : Checking if the command processor should execute...
[2016-12-30T12:52:33.253Z] DEBUG [25622] : Checking whether the command is applicable to instance (i-0132531ca8714bc80)..
[2016-12-30T12:52:33.253Z] INFO  [25622] : Command is applicable to this instance (i-0132531ca8714bc80)..
[2016-12-30T12:52:33.253Z] DEBUG [25622] : Checking if the received command stage is valid..
[2016-12-30T12:52:33.253Z] INFO  [25622] : No stage_num in command. Valid stage..
[2016-12-30T12:52:33.253Z] INFO  [25622] : Received command CMD-AppDeploy: {"execution_data":"{\"leader_election\":\"true\"}","instance_ids":["i-0132531ca8714bc80"],"data":"manifest_1483102350319","command_name":"CMD-AppDeploy","api_version":"1.0","resource_name":"AWSEBAutoScalingGroup","request_id":"cfa650e3-ce8e-11e6-b23f-0572ebc520a1","command_timeout":"600"}
[2016-12-30T12:52:33.253Z] INFO  [25622] : Command processor should execute command.
[2016-12-30T12:52:33.253Z] DEBUG [25622] : Storing current stage..
[2016-12-30T12:52:33.253Z] DEBUG [25622] : Stage_num does not exist. Not saving null stage. Returning..
[2016-12-30T12:52:33.253Z] DEBUG [25622] : Reading config file: /etc/elasticbeanstalk/.aws-eb-stack.properties
[2016-12-30T12:52:33.253Z] DEBUG [25622] : Retrieving metadata for key: AWS::ElasticBeanstalk::Ext||_ContainerConfigFileContent||commands..
[2016-12-30T12:52:33.254Z] DEBUG [25622] : Retrieving metadata for key: AWS::ElasticBeanstalk::Ext||_API||_Commands..
[2016-12-30T12:52:33.254Z] INFO  [25622] : Found enabled addons: ["logpublish", "logstreaming"].
[2016-12-30T12:52:33.255Z] INFO  [25622] : Updating Command definition of addon logpublish.
[2016-12-30T12:52:33.255Z] INFO  [25622] : Updating Command definition of addon logstreaming.
[2016-12-30T12:52:33.255Z] DEBUG [25622] : Refreshing metadata...
[2016-12-30T12:52:33.563Z] DEBUG [25622] : Refreshed environment metadata.
[2016-12-30T12:52:33.563Z] DEBUG [25622] : Retrieving metadata for key: AWS::ElasticBeanstalk::Ext||_ContainerConfigFileContent||commands..
[2016-12-30T12:52:33.564Z] DEBUG [25622] : Retrieving metadata for key: AWS::ElasticBeanstalk::Ext||_API||_Commands..
[2016-12-30T12:52:33.564Z] INFO  [25622] : Found enabled addons: ["logpublish", "logstreaming"].
[2016-12-30T12:52:33.565Z] INFO  [25622] : Updating Command definition of addon logpublish.
[2016-12-30T12:52:33.565Z] INFO  [25622] : Updating Command definition of addon logstreaming.
[2016-12-30T12:52:33.565Z] DEBUG [25622] : Retrieving metadata for key: AWS::CloudFormation::Init||Infra-WriteApplication2||files..
[2016-12-30T12:52:33.566Z] DEBUG [25622] : Retrieving metadata for key: AWS::ElasticBeanstalk::Ext||ManifestFileS3Key..
[2016-12-30T12:52:33.662Z] INFO  [25622] : Loading manifest from bucket 'elasticbeanstalk-us-west-2-341826891138' using computed S3 key 'resources/environments/e-rzpyvmyjqg/_runtime/versions/manifest_1483102350319'.
[2016-12-30T12:52:33.767Z] INFO  [25622] : Updated manifest cache: deployment ID 8 and serial 8.
[2016-12-30T12:52:33.767Z] DEBUG [25622] : Loaded definition of Command CMD-AppDeploy.
[2016-12-30T12:52:33.767Z] INFO  [25622] : Executing Application update
[2016-12-30T12:52:33.768Z] INFO  [25622] : Executing command: CMD-AppDeploy...
[2016-12-30T12:52:33.768Z] INFO  [25622] : Executing command CMD-AppDeploy activities...
[2016-12-30T12:52:33.768Z] DEBUG [25622] : Setting environment variables..
[2016-12-30T12:52:33.768Z] INFO  [25622] : Running AddonsBefore for command CMD-AppDeploy...
[2016-12-30T12:52:33.768Z] DEBUG [25622] : Running stages of Command CMD-AppDeploy from stage 0 to stage 1...
[2016-12-30T12:52:33.768Z] INFO  [25622] : Running stage 0 of command CMD-AppDeploy...
[2016-12-30T12:52:33.768Z] INFO  [25622] : Running leader election...
[2016-12-30T12:52:34.020Z] INFO  [25622] : Instance is Leader.
[2016-12-30T12:52:34.020Z] DEBUG [25622] : Loaded 6 actions for stage 0.
[2016-12-30T12:52:34.020Z] INFO  [25622] : Running 1 of 6 actions: InfraWriteConfig...
[2016-12-30T12:52:34.023Z] INFO  [25622] : Running 2 of 6 actions: DownloadSourceBundle...
[2016-12-30T12:52:34.323Z] INFO  [25622] : Running 3 of 6 actions: EbExtensionPreBuild...
[2016-12-30T12:52:34.654Z] INFO  [25622] : Running 4 of 6 actions: AppDeployPreHook...
[2016-12-30T12:52:37.112Z] INFO  [25622] : Running 5 of 6 actions: EbExtensionPostBuild...
[2016-12-30T12:52:37.401Z] INFO  [25622] : Running 6 of 6 actions: InfraCleanEbextension...
[2016-12-30T12:52:37.403Z] INFO  [25622] : Running stage 1 of command CMD-AppDeploy...
[2016-12-30T12:52:37.403Z] DEBUG [25622] : Loaded 2 actions for stage 1.
[2016-12-30T12:52:37.403Z] INFO  [25622] : Running 1 of 2 actions: AppDeployEnactHook...
[2016-12-30T12:52:41.858Z] INFO  [25622] : Running 2 of 2 actions: AppDeployPostHook...
[2016-12-30T12:52:41.858Z] INFO  [25622] : Running AddonsAfter for command CMD-AppDeploy...
[2016-12-30T12:52:42.054Z] INFO  [25622] : Command CMD-AppDeploy succeeded!
[2016-12-30T12:52:42.054Z] INFO  [25622] : Command processor returning results: 
{"status":"SUCCESS","api_version":"1.0","results":[{"status":"SUCCESS","msg":"","returncode":0,"events":[]}]}
[2016-12-30T13:03:07.487Z] DEBUG [26255] : Reading config file: /etc/elasticbeanstalk/.aws-eb-stack.properties
[2016-12-30T13:03:07.487Z] DEBUG [26255] : Checking if the command processor should execute...
[2016-12-30T13:03:07.490Z] DEBUG [26255] : Checking whether the command is applicable to instance (i-0132531ca8714bc80)..
[2016-12-30T13:03:07.490Z] INFO  [26255] : Command is applicable to this instance (i-0132531ca8714bc80)..
[2016-12-30T13:03:07.490Z] DEBUG [26255] : Checking if the received command stage is valid..
[2016-12-30T13:03:07.490Z] INFO  [26255] : No stage_num in command. Valid stage..
[2016-12-30T13:03:07.490Z] INFO  [26255] : Received command CMD-AppDeploy: {"execution_data":"{\"leader_election\":\"true\"}","instance_ids":["i-0132531ca8714bc80"],"data":"manifest_1483102984622","command_name":"CMD-AppDeploy","api_version":"1.0","resource_name":"AWSEBAutoScalingGroup","request_id":"4ab9c670-ce90-11e6-a81a-21b40acb26ef","command_timeout":"600"}
[2016-12-30T13:03:07.490Z] INFO  [26255] : Command processor should execute command.
[2016-12-30T13:03:07.490Z] DEBUG [26255] : Storing current stage..
[2016-12-30T13:03:07.490Z] DEBUG [26255] : Stage_num does not exist. Not saving null stage. Returning..
[2016-12-30T13:03:07.490Z] DEBUG [26255] : Reading config file: /etc/elasticbeanstalk/.aws-eb-stack.properties
[2016-12-30T13:03:07.490Z] DEBUG [26255] : Retrieving metadata for key: AWS::ElasticBeanstalk::Ext||_ContainerConfigFileContent||commands..
[2016-12-30T13:03:07.491Z] DEBUG [26255] : Retrieving metadata for key: AWS::ElasticBeanstalk::Ext||_API||_Commands..
[2016-12-30T13:03:07.491Z] INFO  [26255] : Found enabled addons: ["logpublish", "logstreaming"].
[2016-12-30T13:03:07.492Z] INFO  [26255] : Updating Command definition of addon logpublish.
[2016-12-30T13:03:07.493Z] INFO  [26255] : Updating Command definition of addon logstreaming.
[2016-12-30T13:03:07.493Z] DEBUG [26255] : Refreshing metadata...
[2016-12-30T13:03:07.745Z] DEBUG [26255] : Refreshed environment metadata.
[2016-12-30T13:03:07.745Z] DEBUG [26255] : Retrieving metadata for key: AWS::ElasticBeanstalk::Ext||_ContainerConfigFileContent||commands..
[2016-12-30T13:03:07.746Z] DEBUG [26255] : Retrieving metadata for key: AWS::ElasticBeanstalk::Ext||_API||_Commands..
[2016-12-30T13:03:07.746Z] INFO  [26255] : Found enabled addons: ["logpublish", "logstreaming"].
[2016-12-30T13:03:07.747Z] INFO  [26255] : Updating Command definition of addon logpublish.
[2016-12-30T13:03:07.747Z] INFO  [26255] : Updating Command definition of addon logstreaming.
[2016-12-30T13:03:07.747Z] DEBUG [26255] : Retrieving metadata for key: AWS::CloudFormation::Init||Infra-WriteApplication2||files..
[2016-12-30T13:03:07.748Z] DEBUG [26255] : Retrieving metadata for key: AWS::ElasticBeanstalk::Ext||ManifestFileS3Key..
[2016-12-30T13:03:07.843Z] INFO  [26255] : Loading manifest from bucket 'elasticbeanstalk-us-west-2-341826891138' using computed S3 key 'resources/environments/e-rzpyvmyjqg/_runtime/versions/manifest_1483102984622'.
[2016-12-30T13:03:07.928Z] INFO  [26255] : Updated manifest cache: deployment ID 9 and serial 9.
[2016-12-30T13:03:07.929Z] DEBUG [26255] : Loaded definition of Command CMD-AppDeploy.
[2016-12-30T13:03:07.929Z] INFO  [26255] : Executing Application update
[2016-12-30T13:03:07.929Z] INFO  [26255] : Executing command: CMD-AppDeploy...
[2016-12-30T13:03:07.929Z] INFO  [26255] : Executing command CMD-AppDeploy activities...
[2016-12-30T13:03:07.929Z] DEBUG [26255] : Setting environment variables..
[2016-12-30T13:03:07.929Z] INFO  [26255] : Running AddonsBefore for command CMD-AppDeploy...
[2016-12-30T13:03:07.929Z] DEBUG [26255] : Running stages of Command CMD-AppDeploy from stage 0 to stage 1...
[2016-12-30T13:03:07.929Z] INFO  [26255] : Running stage 0 of command CMD-AppDeploy...
[2016-12-30T13:03:07.929Z] INFO  [26255] : Running leader election...
[2016-12-30T13:03:08.179Z] INFO  [26255] : Instance is Leader.
[2016-12-30T13:03:08.180Z] DEBUG [26255] : Loaded 6 actions for stage 0.
[2016-12-30T13:03:08.180Z] INFO  [26255] : Running 1 of 6 actions: InfraWriteConfig...
[2016-12-30T13:03:08.182Z] INFO  [26255] : Running 2 of 6 actions: DownloadSourceBundle...
[2016-12-30T13:03:08.485Z] INFO  [26255] : Running 3 of 6 actions: EbExtensionPreBuild...
[2016-12-30T13:03:08.764Z] INFO  [26255] : Running 4 of 6 actions: AppDeployPreHook...
[2016-12-30T13:03:11.154Z] INFO  [26255] : Running 5 of 6 actions: EbExtensionPostBuild...
[2016-12-30T13:03:11.432Z] INFO  [26255] : Running 6 of 6 actions: InfraCleanEbextension...
[2016-12-30T13:03:11.434Z] INFO  [26255] : Running stage 1 of command CMD-AppDeploy...
[2016-12-30T13:03:11.434Z] DEBUG [26255] : Loaded 2 actions for stage 1.
[2016-12-30T13:03:11.434Z] INFO  [26255] : Running 1 of 2 actions: AppDeployEnactHook...
[2016-12-30T13:03:15.813Z] INFO  [26255] : Running 2 of 2 actions: AppDeployPostHook...
[2016-12-30T13:03:15.813Z] INFO  [26255] : Running AddonsAfter for command CMD-AppDeploy...
[2016-12-30T13:03:16.000Z] INFO  [26255] : Command CMD-AppDeploy succeeded!
[2016-12-30T13:03:16.001Z] INFO  [26255] : Command processor returning results: 
{"status":"SUCCESS","api_version":"1.0","results":[{"status":"SUCCESS","msg":"","returncode":0,"events":[]}]}
[2016-12-30T13:17:54.725Z] DEBUG [26983] : Reading config file: /etc/elasticbeanstalk/.aws-eb-stack.properties
[2016-12-30T13:17:54.725Z] DEBUG [26983] : Checking if the command processor should execute...
[2016-12-30T13:17:54.728Z] DEBUG [26983] : Checking whether the command is applicable to instance (i-0132531ca8714bc80)..
[2016-12-30T13:17:54.728Z] INFO  [26983] : Command is applicable to this instance (i-0132531ca8714bc80)..
[2016-12-30T13:17:54.728Z] DEBUG [26983] : Checking if the received command stage is valid..
[2016-12-30T13:17:54.728Z] INFO  [26983] : No stage_num in command. Valid stage..
[2016-12-30T13:17:54.728Z] INFO  [26983] : Received command CMD-AppDeploy: {"execution_data":"{\"leader_election\":\"true\"}","instance_ids":["i-0132531ca8714bc80"],"data":"manifest_1483103871940","command_name":"CMD-AppDeploy","api_version":"1.0","resource_name":"AWSEBAutoScalingGroup","request_id":"5b743c5d-ce92-11e6-a81a-21b40acb26ef","command_timeout":"600"}
[2016-12-30T13:17:54.728Z] INFO  [26983] : Command processor should execute command.
[2016-12-30T13:17:54.728Z] DEBUG [26983] : Storing current stage..
[2016-12-30T13:17:54.728Z] DEBUG [26983] : Stage_num does not exist. Not saving null stage. Returning..
[2016-12-30T13:17:54.728Z] DEBUG [26983] : Reading config file: /etc/elasticbeanstalk/.aws-eb-stack.properties
[2016-12-30T13:17:54.728Z] DEBUG [26983] : Retrieving metadata for key: AWS::ElasticBeanstalk::Ext||_ContainerConfigFileContent||commands..
[2016-12-30T13:17:54.728Z] DEBUG [26983] : Retrieving metadata for key: AWS::ElasticBeanstalk::Ext||_API||_Commands..
[2016-12-30T13:17:54.729Z] INFO  [26983] : Found enabled addons: ["logpublish", "logstreaming"].
[2016-12-30T13:17:54.730Z] INFO  [26983] : Updating Command definition of addon logpublish.
[2016-12-30T13:17:54.730Z] INFO  [26983] : Updating Command definition of addon logstreaming.
[2016-12-30T13:17:54.730Z] DEBUG [26983] : Refreshing metadata...
[2016-12-30T13:17:54.980Z] DEBUG [26983] : Refreshed environment metadata.
[2016-12-30T13:17:54.980Z] DEBUG [26983] : Retrieving metadata for key: AWS::ElasticBeanstalk::Ext||_ContainerConfigFileContent||commands..
[2016-12-30T13:17:54.981Z] DEBUG [26983] : Retrieving metadata for key: AWS::ElasticBeanstalk::Ext||_API||_Commands..
[2016-12-30T13:17:54.981Z] INFO  [26983] : Found enabled addons: ["logpublish", "logstreaming"].
[2016-12-30T13:17:54.982Z] INFO  [26983] : Updating Command definition of addon logpublish.
[2016-12-30T13:17:54.982Z] INFO  [26983] : Updating Command definition of addon logstreaming.
[2016-12-30T13:17:54.982Z] DEBUG [26983] : Retrieving metadata for key: AWS::CloudFormation::Init||Infra-WriteApplication2||files..
[2016-12-30T13:17:54.983Z] DEBUG [26983] : Retrieving metadata for key: AWS::ElasticBeanstalk::Ext||ManifestFileS3Key..
[2016-12-30T13:17:55.078Z] INFO  [26983] : Loading manifest from bucket 'elasticbeanstalk-us-west-2-341826891138' using computed S3 key 'resources/environments/e-rzpyvmyjqg/_runtime/versions/manifest_1483103871940'.
[2016-12-30T13:17:55.145Z] INFO  [26983] : Updated manifest cache: deployment ID 10 and serial 10.
[2016-12-30T13:17:55.145Z] DEBUG [26983] : Loaded definition of Command CMD-AppDeploy.
[2016-12-30T13:17:55.145Z] INFO  [26983] : Executing Application update
[2016-12-30T13:17:55.146Z] INFO  [26983] : Executing command: CMD-AppDeploy...
[2016-12-30T13:17:55.146Z] INFO  [26983] : Executing command CMD-AppDeploy activities...
[2016-12-30T13:17:55.146Z] DEBUG [26983] : Setting environment variables..
[2016-12-30T13:17:55.146Z] INFO  [26983] : Running AddonsBefore for command CMD-AppDeploy...
[2016-12-30T13:17:55.146Z] DEBUG [26983] : Running stages of Command CMD-AppDeploy from stage 0 to stage 1...
[2016-12-30T13:17:55.146Z] INFO  [26983] : Running stage 0 of command CMD-AppDeploy...
[2016-12-30T13:17:55.146Z] INFO  [26983] : Running leader election...
[2016-12-30T13:17:55.394Z] INFO  [26983] : Instance is Leader.
[2016-12-30T13:17:55.394Z] DEBUG [26983] : Loaded 6 actions for stage 0.
[2016-12-30T13:17:55.394Z] INFO  [26983] : Running 1 of 6 actions: InfraWriteConfig...
[2016-12-30T13:17:55.397Z] INFO  [26983] : Running 2 of 6 actions: DownloadSourceBundle...
[2016-12-30T13:17:55.712Z] INFO  [26983] : Running 3 of 6 actions: EbExtensionPreBuild...
[2016-12-30T13:17:55.991Z] INFO  [26983] : Running 4 of 6 actions: AppDeployPreHook...
[2016-12-30T13:17:58.437Z] INFO  [26983] : Running 5 of 6 actions: EbExtensionPostBuild...
[2016-12-30T13:17:58.725Z] INFO  [26983] : Running 6 of 6 actions: InfraCleanEbextension...
[2016-12-30T13:17:58.727Z] INFO  [26983] : Running stage 1 of command CMD-AppDeploy...
[2016-12-30T13:17:58.727Z] DEBUG [26983] : Loaded 2 actions for stage 1.
[2016-12-30T13:17:58.727Z] INFO  [26983] : Running 1 of 2 actions: AppDeployEnactHook...
[2016-12-30T13:18:03.175Z] INFO  [26983] : Running 2 of 2 actions: AppDeployPostHook...
[2016-12-30T13:18:03.175Z] INFO  [26983] : Running AddonsAfter for command CMD-AppDeploy...
[2016-12-30T13:18:03.367Z] INFO  [26983] : Command CMD-AppDeploy succeeded!
[2016-12-30T13:18:03.367Z] INFO  [26983] : Command processor returning results: 
{"status":"SUCCESS","api_version":"1.0","results":[{"status":"SUCCESS","msg":"","returncode":0,"events":[]}]}
[2016-12-30T13:19:19.859Z] DEBUG [27256] : Reading config file: /etc/elasticbeanstalk/.aws-eb-stack.properties
[2016-12-30T13:19:19.859Z] DEBUG [27256] : Checking if the command processor should execute...
[2016-12-30T13:19:19.862Z] DEBUG [27256] : Checking whether the command is applicable to instance (i-0132531ca8714bc80)..
[2016-12-30T13:19:19.862Z] INFO  [27256] : Command is applicable to this instance (i-0132531ca8714bc80)..
[2016-12-30T13:19:19.862Z] DEBUG [27256] : Checking if the received command stage is valid..
[2016-12-30T13:19:19.862Z] INFO  [27256] : No stage_num in command. Valid stage..
[2016-12-30T13:19:19.862Z] INFO  [27256] : Received command CMD-AppDeploy: {"execution_data":"{\"leader_election\":\"true\"}","instance_ids":["i-0132531ca8714bc80"],"data":"manifest_1483103956754","command_name":"CMD-AppDeploy","api_version":"1.0","resource_name":"AWSEBAutoScalingGroup","request_id":"8d74fc09-ce92-11e6-b6b8-4fbb5c4e7d2c","command_timeout":"600"}
[2016-12-30T13:19:19.862Z] INFO  [27256] : Command processor should execute command.
[2016-12-30T13:19:19.862Z] DEBUG [27256] : Storing current stage..
[2016-12-30T13:19:19.862Z] DEBUG [27256] : Stage_num does not exist. Not saving null stage. Returning..
[2016-12-30T13:19:19.862Z] DEBUG [27256] : Reading config file: /etc/elasticbeanstalk/.aws-eb-stack.properties
[2016-12-30T13:19:19.863Z] DEBUG [27256] : Retrieving metadata for key: AWS::ElasticBeanstalk::Ext||_ContainerConfigFileContent||commands..
[2016-12-30T13:19:19.863Z] DEBUG [27256] : Retrieving metadata for key: AWS::ElasticBeanstalk::Ext||_API||_Commands..
[2016-12-30T13:19:19.864Z] INFO  [27256] : Found enabled addons: ["logpublish", "logstreaming"].
[2016-12-30T13:19:19.865Z] INFO  [27256] : Updating Command definition of addon logpublish.
[2016-12-30T13:19:19.865Z] INFO  [27256] : Updating Command definition of addon logstreaming.
[2016-12-30T13:19:19.865Z] DEBUG [27256] : Refreshing metadata...
[2016-12-30T13:19:20.121Z] DEBUG [27256] : Refreshed environment metadata.
[2016-12-30T13:19:20.121Z] DEBUG [27256] : Retrieving metadata for key: AWS::ElasticBeanstalk::Ext||_ContainerConfigFileContent||commands..
[2016-12-30T13:19:20.122Z] DEBUG [27256] : Retrieving metadata for key: AWS::ElasticBeanstalk::Ext||_API||_Commands..
[2016-12-30T13:19:20.122Z] INFO  [27256] : Found enabled addons: ["logpublish", "logstreaming"].
[2016-12-30T13:19:20.123Z] INFO  [27256] : Updating Command definition of addon logpublish.
[2016-12-30T13:19:20.123Z] INFO  [27256] : Updating Command definition of addon logstreaming.
[2016-12-30T13:19:20.123Z] DEBUG [27256] : Retrieving metadata for key: AWS::CloudFormation::Init||Infra-WriteApplication2||files..
[2016-12-30T13:19:20.124Z] DEBUG [27256] : Retrieving metadata for key: AWS::ElasticBeanstalk::Ext||ManifestFileS3Key..
[2016-12-30T13:19:20.220Z] INFO  [27256] : Loading manifest from bucket 'elasticbeanstalk-us-west-2-341826891138' using computed S3 key 'resources/environments/e-rzpyvmyjqg/_runtime/versions/manifest_1483103956754'.
[2016-12-30T13:19:20.317Z] INFO  [27256] : Updated manifest cache: deployment ID 11 and serial 11.
[2016-12-30T13:19:20.317Z] DEBUG [27256] : Loaded definition of Command CMD-AppDeploy.
[2016-12-30T13:19:20.318Z] INFO  [27256] : Executing Application update
[2016-12-30T13:19:20.318Z] INFO  [27256] : Executing command: CMD-AppDeploy...
[2016-12-30T13:19:20.318Z] INFO  [27256] : Executing command CMD-AppDeploy activities...
[2016-12-30T13:19:20.318Z] DEBUG [27256] : Setting environment variables..
[2016-12-30T13:19:20.318Z] INFO  [27256] : Running AddonsBefore for command CMD-AppDeploy...
[2016-12-30T13:19:20.318Z] DEBUG [27256] : Running stages of Command CMD-AppDeploy from stage 0 to stage 1...
[2016-12-30T13:19:20.318Z] INFO  [27256] : Running stage 0 of command CMD-AppDeploy...
[2016-12-30T13:19:20.318Z] INFO  [27256] : Running leader election...
[2016-12-30T13:19:20.572Z] INFO  [27256] : Instance is Leader.
[2016-12-30T13:19:20.572Z] DEBUG [27256] : Loaded 6 actions for stage 0.
[2016-12-30T13:19:20.572Z] INFO  [27256] : Running 1 of 6 actions: InfraWriteConfig...
[2016-12-30T13:19:20.575Z] INFO  [27256] : Running 2 of 6 actions: DownloadSourceBundle...
[2016-12-30T13:19:20.888Z] INFO  [27256] : Running 3 of 6 actions: EbExtensionPreBuild...
[2016-12-30T13:19:21.173Z] INFO  [27256] : Running 4 of 6 actions: AppDeployPreHook...
[2016-12-30T13:19:23.620Z] INFO  [27256] : Running 5 of 6 actions: EbExtensionPostBuild...
[2016-12-30T13:19:23.897Z] INFO  [27256] : Running 6 of 6 actions: InfraCleanEbextension...
[2016-12-30T13:19:23.899Z] INFO  [27256] : Running stage 1 of command CMD-AppDeploy...
[2016-12-30T13:19:23.899Z] DEBUG [27256] : Loaded 2 actions for stage 1.
[2016-12-30T13:19:23.899Z] INFO  [27256] : Running 1 of 2 actions: AppDeployEnactHook...
[2016-12-30T13:19:28.292Z] INFO  [27256] : Running 2 of 2 actions: AppDeployPostHook...
[2016-12-30T13:19:28.293Z] INFO  [27256] : Running AddonsAfter for command CMD-AppDeploy...
[2016-12-30T13:19:28.485Z] INFO  [27256] : Command CMD-AppDeploy succeeded!
[2016-12-30T13:19:28.486Z] INFO  [27256] : Command processor returning results: 
{"status":"SUCCESS","api_version":"1.0","results":[{"status":"SUCCESS","msg":"","returncode":0,"events":[]}]}
[2016-12-31T06:31:03.717Z] DEBUG [29110] : Reading config file: /etc/elasticbeanstalk/.aws-eb-stack.properties
[2016-12-31T06:31:03.717Z] DEBUG [29110] : Checking if the command processor should execute...
[2016-12-31T06:31:03.720Z] DEBUG [29110] : Checking whether the command is applicable to instance (i-0132531ca8714bc80)..
[2016-12-31T06:31:03.720Z] INFO  [29110] : Command is applicable to this instance (i-0132531ca8714bc80)..
[2016-12-31T06:31:03.721Z] DEBUG [29110] : Checking if the received command stage is valid..
[2016-12-31T06:31:03.721Z] INFO  [29110] : No stage_num in command. Valid stage..
[2016-12-31T06:31:03.721Z] INFO  [29110] : Received command CMD-BundleLogs: {"execution_data":"{\"aws_access_key_id\":\"ASIAJYY2DYDQEF6SURFA\",\"signature\":\"9Sfuz9HBU6ZuMaSFslaxAE5DNJ0=\",\"security_token\":\"FQoDYXdzEHAaDOii1eK0IL7TSjKvtiLIA38MfbJOseNStLtaYhAbOjopgHU4DSGwk6mH0LcGJDanfiEyFoPfWA3u0RCJO1R3\\\/73t7+a73aaqlulpF2us4CEECEurr\\\/R67plpalUI7AVGfH3mpWLUDJqnLwzbuiRbQwOjQabLHles1QkfsO+dzVD3vF2Z6yDVLr6hOBXY0btfDp6UfJ9IQamyl1O5eQJSAhqStkCuOYeNLX9\\\/BrnyBkpDMjG1m9RhV3GDIDJhhWnYR9HwNi85loYzEg9JK7ED8rZNY8XjIEX8VVBtL7Dg5UorcvIKvh0SGWjsCkP03JP5s49tTvRGzmKQrkRLvtjITBLD3wGjZlh7leJa+cvBWGeRXFPoRGHwS2q0D4yWQeWL5tfh9WSNBMWSJxe0l1i2NrfHhEvVdPGyjOm1kfI6iE+vuqYmCvV80fwhwFcAvV2wDylrhw8MbPI1+zmTJEjLW0rXq+BvyTscvQ4mBaj66bMqzyxOAaQq6b4inaTQf\\\/G0IdvP+Z5G+fEq6VBEpm1V7EFCwdKYD9LjN3egkF9AiWlUaI5cumziC6k\\\/UmTvMLLMLbcXgvYgbPYIAwTH7EHgjm7pQNI8vAPawmtrKDQKLThQOfGqF7Ek5Sj8oJ3DBQ==\",\"policy\":\"eyJleHBpcmF0aW9uIjoiMjAxNi0xMi0zMVQwNzowMTowMS43ODVaIiwiY29uZGl0aW9ucyI6W1sic3RhcnRzLXdpdGgiLCIkeC1hbXotbWV0YS10aW1lX3N0YW1wIiwiIl0sWyJzdGFydHMtd2l0aCIsIiR4LWFtei1tZXRhLXB1Ymxpc2hfbWVjaGFuaXNtIiwiIl0sWyJzdGFydHMtd2l0aCIsIiRrZXkiLCJyZXNvdXJjZXNcL2Vudmlyb25tZW50c1wvbG9nc1wvIl0sWyJzdGFydHMtd2l0aCIsIiR4LWFtei1tZXRhLWJhdGNoX2lkIiwiIl0sWyJzdGFydHMtd2l0aCIsIiR4LWFtei1tZXRhLWZpbGVfbmFtZSIsIiJdLFsic3RhcnRzLXdpdGgiLCIkeC1hbXotc2VjdXJpdHktdG9rZW4iLCIiXSxbInN0YXJ0cy13aXRoIiwiJENvbnRlbnQtVHlwZSIsIiJdLFsiZXEiLCIkYnVja2V0IiwiZWxhc3RpY2JlYW5zdGFsay11cy13ZXN0LTItMzQxODI2ODkxMTM4Il0sWyJlcSIsIiRhY2wiLCJwcml2YXRlIl1dfQ==\"}","instance_ids":["i-0132531ca8714bc80"],"data":"b2c2b0bf-cf22-11e6-a472-6b1b59f72ad1","command_name":"CMD-BundleLogs","api_version":"1.0","resource_name":"AWSEBAutoScalingGroup","request_id":"b2c2b0bf-cf22-11e6-a472-6b1b59f72ad1","command_timeout":"600"}
[2016-12-31T06:31:03.721Z] INFO  [29110] : Command processor should execute command.
[2016-12-31T06:31:03.721Z] DEBUG [29110] : Storing current stage..
[2016-12-31T06:31:03.721Z] DEBUG [29110] : Stage_num does not exist. Not saving null stage. Returning..
[2016-12-31T06:31:03.721Z] DEBUG [29110] : Reading config file: /etc/elasticbeanstalk/.aws-eb-stack.properties
[2016-12-31T06:31:03.721Z] DEBUG [29110] : Retrieving metadata for key: AWS::ElasticBeanstalk::Ext||_ContainerConfigFileContent||commands..
[2016-12-31T06:31:03.721Z] DEBUG [29110] : Retrieving metadata for key: AWS::ElasticBeanstalk::Ext||_API||_Commands..
[2016-12-31T06:31:03.722Z] INFO  [29110] : Found enabled addons: ["logpublish", "logstreaming"].
[2016-12-31T06:31:03.723Z] INFO  [29110] : Updating Command definition of addon logpublish.
[2016-12-31T06:31:03.723Z] INFO  [29110] : Updating Command definition of addon logstreaming.
[2016-12-31T06:31:03.723Z] DEBUG [29110] : Loaded definition of Command CMD-BundleLogs.
[2016-12-31T06:31:03.723Z] INFO  [29110] : Executing CMD-BundleLogs
[2016-12-31T06:31:03.724Z] INFO  [29110] : Executing command: CMD-BundleLogs...
[2016-12-31T06:31:03.724Z] INFO  [29110] : Executing command CMD-BundleLogs activities...
[2016-12-31T06:31:03.724Z] DEBUG [29110] : Setting environment variables..
[2016-12-31T06:31:03.724Z] INFO  [29110] : Running AddonsBefore for command CMD-BundleLogs...
[2016-12-31T06:31:03.724Z] DEBUG [29110] : Running stages of Command CMD-BundleLogs from stage 0 to stage 0...
[2016-12-31T06:31:03.724Z] INFO  [29110] : Running stage 0 of command CMD-BundleLogs...
[2016-12-31T06:31:03.724Z] DEBUG [29110] : Loaded 1 actions for stage 0.
[2016-12-31T06:31:03.724Z] INFO  [29110] : Running 1 of 1 actions: BundleLogs...
